============================= test session starts ==============================
platform linux -- Python 3.13.5, pytest-9.1.1, pluggy-1.6.0 -- /home/reynegton/Projects/tuipet/venv/bin/python3
cachedir: .pytest_cache
rootdir: /home/reynegton/Projects/tuipet
configfile: pyproject.toml
testpaths: tests
plugins: asyncio-1.4.0
asyncio: mode=Mode.STRICT, debug=False, asyncio_default_fixture_loop_scope=None, asyncio_default_test_loop_scope=function
collecting ... collected 2698 items

tests/test_adventure_audit.py::test_a_town_warp_lands_in_the_town_it_promises PASSED [  0%]
tests/test_adventure_audit.py::test_on_town_ground_the_ticket_is_not_offered_or_spent PASSED [  0%]
tests/test_adventure_audit.py::test_the_planted_feet_strip_offers_the_warp_everywhere_off_town_ground PASSED [  0%]
tests/test_adventure_audit.py::test_a_whole_run_holds_its_invariants[11] PASSED [  0%]
tests/test_adventure_audit.py::test_a_whole_run_holds_its_invariants[12] PASSED [  0%]
tests/test_adventure_audit.py::test_a_whole_run_holds_its_invariants[13] PASSED [  0%]
tests/test_adventure_audit.py::test_a_town_rest_fills_the_tank_breaks_the_chain_and_fires_ONCE PASSED [  0%]
tests/test_adventure_audit.py::test_only_the_frontier_advances_the_road PASSED [  0%]
tests/test_adventure_audit.py::test_every_road_state_renders_inside_the_arena[ambush] PASSED [  0%]
tests/test_adventure_audit.py::test_every_road_state_renders_inside_the_arena[at the gate] PASSED [  0%]
tests/test_adventure_audit.py::test_every_road_state_renders_inside_the_arena[glint] PASSED [  0%]
tests/test_adventure_audit.py::test_every_road_state_renders_inside_the_arena[life recovery] PASSED [  0%]
tests/test_adventure_audit.py::test_every_road_state_renders_inside_the_arena[march] PASSED [  0%]
tests/test_adventure_audit.py::test_every_road_state_renders_inside_the_arena[parade] PASSED [  0%]
tests/test_adventure_audit.py::test_every_road_state_renders_inside_the_arena[pulse] PASSED [  0%]
tests/test_adventure_audit.py::test_every_road_state_renders_inside_the_arena[summary] PASSED [  0%]
tests/test_adventure_audit.py::test_every_road_state_renders_inside_the_arena[town prompt] PASSED [  0%]
tests/test_adventure_audit.py::test_every_road_state_renders_inside_the_arena[town rest] PASSED [  0%]
tests/test_adventure_audit.py::test_the_warp_ambusher_is_a_veteran_on_a_conquered_road PASSED [  0%]
tests/test_adventure_audit.py::test_the_dash_is_not_for_sale_at_the_gate PASSED [  0%]
tests/test_adventure_audit.py::test_danger_rolls_before_treasure PASSED  [  0%]
tests/test_adventure_audit.py::test_the_towns_safe_ground_covers_the_walk_in_not_the_walk_out PASSED [  0%]
tests/test_adventure_audit.py::test_grace_spends_on_town_legs_too PASSED [  0%]
tests/test_adventure_audit.py::test_zone_6_wears_its_gate_boss_biome PASSED [  0%]
tests/test_adventure_audit.py::test_the_replay_bounty_pays_once_a_day_per_zone PASSED [  0%]
tests/test_adventure_audit.py::test_the_front_door_refuses_what_the_road_cannot_cure PASSED [  0%]
tests/test_adventure_audit.py::test_the_town_rest_is_the_roads_sickbed PASSED [  1%]
tests/test_adventure_audit.py::test_an_unfit_body_balks_at_a_wild PASSED [  1%]
tests/test_adventure_audit.py::test_the_second_wind_works_on_the_knocked_back_gate PASSED [  1%]
tests/test_adventure_audit.py::test_the_rest_beat_swallows_the_march_keys PASSED [  1%]
tests/test_adventure_audit.py::test_a_road_death_ends_the_run_now PASSED [  1%]
tests/test_adventure_audit.py::test_the_town_hub_speaks_the_item_verdicts_and_closes_over_a_corpse PASSED [  1%]
tests/test_adventure_audit.py::test_every_gate_strip_fits_the_box[0] PASSED [  1%]
tests/test_adventure_audit.py::test_every_gate_strip_fits_the_box[1] PASSED [  1%]
tests/test_adventure_audit.py::test_every_gate_strip_fits_the_box[2] PASSED [  1%]
tests/test_adventure_audit.py::test_every_gate_strip_fits_the_box[3] PASSED [  1%]
tests/test_adventure_audit.py::test_every_gate_strip_fits_the_box[4] PASSED [  1%]
tests/test_adventure_audit.py::test_every_gate_strip_fits_the_box[5] PASSED [  1%]
tests/test_adventure_audit.py::test_every_gate_strip_fits_the_box[6] PASSED [  1%]
tests/test_adventure_audit.py::test_every_gate_strip_fits_the_box[7] PASSED [  1%]
tests/test_adventure_audit.py::test_every_gate_strip_fits_the_box[8] PASSED [  1%]
tests/test_adventure_audit.py::test_every_gate_strip_fits_the_box[9] PASSED [  1%]
tests/test_adventure_audit.py::test_every_gate_strip_fits_the_box[10] PASSED [  1%]
tests/test_adventure_audit.py::test_every_gate_strip_fits_the_box[11] PASSED [  1%]
tests/test_adventure_audit.py::test_every_gate_strip_fits_the_box[12] PASSED [  1%]
tests/test_adventure_audit.py::test_every_gate_strip_fits_the_box[13] PASSED [  1%]
tests/test_adventure_audit.py::test_every_gate_strip_fits_the_box[14] PASSED [  1%]
tests/test_adventure_audit.py::test_every_gate_strip_fits_the_box[15] PASSED [  1%]
tests/test_adventure_audit.py::test_every_gate_strip_fits_the_box[16] PASSED [  1%]
tests/test_adventure_audit.py::test_every_gate_strip_fits_the_box[17] PASSED [  1%]
tests/test_adventure_audit.py::test_every_gate_strip_fits_the_box[18] PASSED [  1%]
tests/test_adventure_audit.py::test_every_gate_strip_fits_the_box[19] PASSED [  1%]
tests/test_adventure_audit.py::test_every_gate_strip_fits_the_box[20] PASSED [  1%]
tests/test_adventure_audit.py::test_every_gate_strip_fits_the_box[21] PASSED [  2%]
tests/test_adventure_audit.py::test_every_gate_strip_fits_the_box[22] PASSED [  2%]
tests/test_adventure_audit.py::test_every_gate_strip_fits_the_box[23] PASSED [  2%]
tests/test_adventure_audit.py::test_every_gate_strip_fits_the_box[24] PASSED [  2%]
tests/test_adventure_audit.py::test_every_gate_strip_fits_the_box[25] PASSED [  2%]
tests/test_adventure_audit.py::test_the_zone_picker_holds_its_shape_and_trims_with_ellipsis PASSED [  2%]
tests/test_adventure_audit.py::test_the_picker_tells_you_the_bounty_is_claimed FAILED [  2%]
tests/test_adventure_audit.py::test_the_area_atom_reads_the_device_lifetime PASSED [  2%]
tests/test_adventure_audit.py::test_the_vitals_stay_live_on_the_road PASSED [  2%]
tests/test_adventure_audit.py::test_the_bug_report_wears_the_running_version PASSED [  2%]
tests/test_adventure_audit.py::test_the_repick_carries_the_antiprinter_ledgers PASSED [  2%]
tests/test_adventure_audit.py::test_the_town_cup_door_rolls_the_day_and_shares_the_stake_source PASSED [  2%]
tests/test_adventure_boss.py::test_reaching_the_end_opens_the_boss_not_an_instant_win PASSED [  2%]
tests/test_adventure_boss.py::test_felling_the_boss_conquers_the_zone PASSED [  2%]
tests/test_adventure_boss.py::test_a_survivable_boss_loss_retries_then_fails_at_zero PASSED [  2%]
tests/test_adventure_boss.py::test_fleeing_the_boss_turns_back_without_winning PASSED [  2%]
tests/test_adventure_boss.py::test_the_panel_opens_the_boss_on_its_biome PASSED [  2%]
tests/test_adventure_boss.py::test_a_boss_win_teleports_home_conquered PASSED [  2%]
tests/test_adventure_boss.py::test_a_boss_loss_stands_at_the_gate_and_space_re_engages PASSED [  2%]
tests/test_adventure_boss.py::test_the_zone_pulse_flashes_the_world_and_locks_input PASSED [  2%]
tests/test_adventure_boss.py::test_the_map_final_boss_chains_the_boss_parade PASSED [  2%]
tests/test_adventure_boss.py::test_the_gate_is_a_faceoff_not_an_empty_road PASSED [  2%]
tests/test_adventure_boss.py::test_the_gate_esc_turns_back_home PASSED   [  2%]
tests/test_adventure_boss.py::test_the_final_boss_loss_fails_the_run_home PASSED [  2%]
tests/test_adventure_boss.py::test_the_pulse_flash_says_what_it_celebrates PASSED [  2%]
tests/test_adventure_conditions.py::test_a_sick_pet_trudges_at_half_pace PASSED [  2%]
tests/test_adventure_conditions.py::test_a_geriatric_pet_walks_the_aged_shuffle PASSED [  2%]
tests/test_adventure_conditions.py::test_a_sleeping_traveller_naps_by_the_road PASSED [  3%]
tests/test_adventure_conditions.py::test_only_a_pet_pushed_past_empty_refuses PASSED [  3%]
tests/test_adventure_conditions.py::test_the_panel_plants_its_feet_and_space_re_issues PASSED [  3%]
tests/test_adventure_conditions.py::test_a_sleep_pill_cannot_freeze_the_march PASSED [  3%]
tests/test_adventure_drain.py::test_marching_tires_the_pet PASSED        [  3%]
tests/test_adventure_drain.py::test_marching_trims_weight_toward_base_never_below PASSED [  3%]
tests/test_adventure_drain.py::test_energy_floors_at_zero PASSED         [  3%]
tests/test_adventure_drain.py::test_encounter_legs_do_not_drain PASSED   [  3%]
tests/test_adventure_drain.py::test_the_energy_pip_rides_the_march_strip PASSED [  3%]
tests/test_adventure_drain.py::test_the_energy_floor_law_spend_vs_knock PASSED [  3%]
tests/test_adventure_drain.py::test_an_empty_tank_already_fights_worse PASSED [  3%]
tests/test_adventure_encounters.py::test_a_forced_encounter_pulls_a_real_wild_and_holds_the_leg PASSED [  3%]
tests/test_adventure_encounters.py::test_win_grants_a_grace_leg_then_the_march_resumes PASSED [  3%]
tests/test_adventure_encounters.py::test_flee_costs_no_life_and_no_progress PASSED [  3%]
tests/test_adventure_encounters.py::test_three_losses_fail_the_run PASSED [  3%]
tests/test_adventure_encounters.py::test_suppressed_encounters_cross_clean PASSED [  3%]
tests/test_adventure_encounters.py::test_the_panel_opens_a_wild_fight_on_the_road_biome PASSED [  3%]
tests/test_adventure_encounters.py::test_a_real_fight_runs_through_the_sub_and_resolves PASSED [  3%]
tests/test_adventure_encounters.py::test_life_pips_ride_the_march_strip PASSED [  3%]
tests/test_adventure_finds.py::test_every_real_zone_has_a_loot_pool_of_named_consumables PASSED [  3%]
tests/test_adventure_finds.py::test_find_pools_key_on_the_biome_not_the_slot PASSED [  3%]
tests/test_adventure_finds.py::test_the_final_zone_of_every_map_digs_the_rare_tier PASSED [  3%]
tests/test_adventure_finds.py::test_the_road_feeds_you_and_carries_its_tools PASSED [  3%]
tests/test_adventure_finds.py::test_a_find_comes_from_the_zone_pool_after_the_step PASSED [  3%]
tests/test_adventure_finds.py::test_towns_have_no_finds PASSED           [  3%]
tests/test_adventure_finds.py::test_digging_a_find_drops_it_in_the_bag PASSED [  3%]
tests/test_adventure_finds.py::test_the_discover_sequence_plays_out_and_resumes_the_march PASSED [  3%]
tests/test_adventure_finds.py::test_the_timed_dig_meter_is_the_canon_bar PASSED [  4%]
tests/test_adventure_finds.py::test_a_mega_lock_banks_a_second_copy PASSED [  4%]
tests/test_adventure_finds.py::test_a_wide_miss_still_keeps_the_find PASSED [  4%]
tests/test_adventure_finds.py::test_the_dig_meter_times_out_and_locks_itself PASSED [  4%]
tests/test_adventure_finds.py::test_the_glint_wears_the_attention_bounce PASSED [  4%]
tests/test_adventure_finds.py::test_passing_a_find_leaves_it_and_the_bag_alone PASSED [  4%]
tests/test_adventure_finds.py::test_find_chance_zero_never_spots PASSED  [  4%]
tests/test_adventure_foundation.py::test_the_adventure_action_is_wired_into_the_explore_group PASSED [  4%]
tests/test_adventure_foundation.py::test_the_gate_matches_the_raid_gate_shape PASSED [  4%]
tests/test_adventure_foundation.py::test_leaving_home_rides_the_teleport_and_lands_on_the_road PASSED [  4%]
tests/test_adventure_foundation.py::test_esc_rides_the_same_teleport_home_and_auto_closes PASSED [  4%]
tests/test_adventure_foundation.py::test_the_teleport_fires_its_canon_sound_cues PASSED [  4%]
tests/test_adventure_geography.py::test_all_26_real_zones_are_wired PASSED [  4%]
tests/test_adventure_geography.py::test_pick_is_deterministic_and_one_biome_per_run PASSED [  4%]
tests/test_adventure_geography.py::test_the_wild_pool_is_the_zones_own_table PASSED [  4%]
tests/test_adventure_geography.py::test_every_zone_biome_is_a_real_scene PASSED [  4%]
tests/test_adventure_hazards.py::test_the_engine_rolls_the_zones_own_wilds_and_towns_are_safe PASSED [  4%]
tests/test_adventure_hazards.py::test_a_space_press_ducks_it_clean PASSED [  4%]
tests/test_adventure_hazards.py::test_eating_the_pounce_costs_the_small_toll PASSED [  4%]
tests/test_adventure_hazards.py::test_a_late_press_is_no_duck PASSED     [  4%]
tests/test_adventure_hazards.py::test_a_telegraph_press_is_too_soon_and_spends_the_duck PASSED [  4%]
tests/test_adventure_holiday.py::test_a_run_knows_todays_festival PASSED [  4%]
tests/test_adventure_holiday.py::test_bounties_pay_double_on_a_holiday PASSED [  4%]
tests/test_adventure_holiday.py::test_more_loot_spills_on_a_holiday PASSED [  4%]
tests/test_adventure_holiday.py::test_no_double_reward_on_an_ordinary_day PASSED [  4%]
tests/test_adventure_holiday.py::test_the_picker_flies_a_festival_banner PASSED [  4%]
tests/test_adventure_march.py::test_zone_pick_is_deterministic_and_one_biome PASSED [  4%]
tests/test_adventure_march.py::test_travel_advances_to_arrival_then_stops PASSED [  5%]
tests/test_adventure_march.py::test_the_ribbon_tracks_the_pet_toward_the_goal PASSED [  5%]
tests/test_adventure_march.py::test_the_panel_auto_marches_to_the_boss_gate PASSED [  5%]
tests/test_adventure_march.py::test_the_walking_sequence_crosses_the_window PASSED [  5%]
tests/test_adventure_march.py::test_beats_play_where_the_mon_stands_not_at_centre PASSED [  5%]
tests/test_adventure_march.py::test_the_march_faces_the_direction_of_travel PASSED [  5%]
tests/test_adventure_march.py::test_space_hurries_a_leg_while_travelling PASSED [  5%]
tests/test_adventure_march.py::test_the_road_strip_fits_the_box_in_cells_every_beat PASSED [  5%]
tests/test_adventure_placement.py::test_standing_beats_keep_the_mon_fully_in_window[4.0] PASSED [  5%]
tests/test_adventure_placement.py::test_standing_beats_keep_the_mon_fully_in_window[14.0] PASSED [  5%]
tests/test_adventure_placement.py::test_standing_beats_keep_the_mon_fully_in_window[20.0] PASSED [  5%]
tests/test_adventure_placement.py::test_standing_beats_keep_the_mon_fully_in_window[32.0] PASSED [  5%]
tests/test_adventure_placement.py::test_the_nap_zzz_never_merges_into_the_sleeper[4.0] PASSED [  5%]
tests/test_adventure_placement.py::test_the_nap_zzz_never_merges_into_the_sleeper[14.0] PASSED [  5%]
tests/test_adventure_placement.py::test_the_nap_zzz_never_merges_into_the_sleeper[20.0] PASSED [  5%]
tests/test_adventure_placement.py::test_the_nap_zzz_never_merges_into_the_sleeper[32.0] PASSED [  5%]
tests/test_adventure_placement.py::test_the_glint_mark_stays_off_the_sprite[4.0] PASSED [  5%]
tests/test_adventure_placement.py::test_the_glint_mark_stays_off_the_sprite[14.0] PASSED [  5%]
tests/test_adventure_placement.py::test_the_glint_mark_stays_off_the_sprite[20.0] PASSED [  5%]
tests/test_adventure_placement.py::test_the_glint_mark_stays_off_the_sprite[32.0] PASSED [  5%]
tests/test_adventure_placement.py::test_the_carried_find_never_smears_over_the_pet[4.0] PASSED [  5%]
tests/test_adventure_placement.py::test_the_carried_find_never_smears_over_the_pet[14.0] PASSED [  5%]
tests/test_adventure_placement.py::test_the_carried_find_never_smears_over_the_pet[20.0] PASSED [  5%]
tests/test_adventure_placement.py::test_the_carried_find_never_smears_over_the_pet[32.0] PASSED [  5%]
tests/test_adventure_placement.py::test_the_pouncer_is_visible_at_impact[4.0] PASSED [  5%]
tests/test_adventure_placement.py::test_the_pouncer_is_visible_at_impact[14.0] PASSED [  5%]
tests/test_adventure_placement.py::test_the_pouncer_is_visible_at_impact[20.0] PASSED [  5%]
tests/test_adventure_placement.py::test_the_pouncer_is_visible_at_impact[32.0] PASSED [  6%]
tests/test_adventure_placement.py::test_the_telegraph_mark_never_covers_the_scrambler[4.0] PASSED [  6%]
tests/test_adventure_placement.py::test_the_telegraph_mark_never_covers_the_scrambler[14.0] PASSED [  6%]
tests/test_adventure_placement.py::test_the_telegraph_mark_never_covers_the_scrambler[20.0] PASSED [  6%]
tests/test_adventure_placement.py::test_the_telegraph_mark_never_covers_the_scrambler[32.0] PASSED [  6%]
tests/test_adventure_placement.py::test_the_gate_faceoff_actors_never_share_ink PASSED [  6%]
tests/test_adventure_placement.py::test_the_parade_enters_and_exits_through_the_edges PASSED [  6%]
tests/test_adventure_placement.py::test_the_arrive_reveal_stands_where_the_march_continues PASSED [  6%]
tests/test_adventure_placement.py::test_the_heal_beat_renders_a_celebration PASSED [  6%]
tests/test_adventure_placement.py::test_a_clean_dodge_keeps_the_whiffing_pouncer_visible[4.0] PASSED [  6%]
tests/test_adventure_placement.py::test_a_clean_dodge_keeps_the_whiffing_pouncer_visible[14.0] PASSED [  6%]
tests/test_adventure_placement.py::test_a_clean_dodge_keeps_the_whiffing_pouncer_visible[20.0] PASSED [  6%]
tests/test_adventure_placement.py::test_a_clean_dodge_keeps_the_whiffing_pouncer_visible[32.0] PASSED [  6%]
tests/test_adventure_progression.py::test_a_fresh_pet_starts_at_the_first_zone PASSED [  6%]
tests/test_adventure_progression.py::test_felling_the_frontier_boss_unlocks_the_next_only PASSED [  6%]
tests/test_adventure_progression.py::test_progress_never_runs_past_the_last_zone PASSED [  6%]
tests/test_adventure_progression.py::test_the_picker_lists_unlocked_zones_and_defaults_to_the_frontier PASSED [  6%]
tests/test_adventure_progression.py::test_the_picker_embarks_on_enter_and_backs_out_on_esc PASSED [  6%]
tests/test_adventure_progression.py::test_a_panel_boss_win_records_progression PASSED [  6%]
tests/test_adventure_progression.py::test_adv_progress_survives_a_save_round_trip PASSED [  6%]
tests/test_adventure_progression.py::test_an_old_save_without_the_field_defaults_to_zero PASSED [  6%]
tests/test_adventure_progression.py::test_the_home_card_shows_live_quest_progress PASSED [  6%]
tests/test_adventure_progression.py::test_the_road_runs_in_difficulty_order PASSED [  6%]
tests/test_adventure_replay.py::test_only_a_conquered_zone_is_a_veteran_road PASSED [  6%]
tests/test_adventure_replay.py::test_veteran_foes_carry_the_trained_side_and_the_originals_stay_clean PASSED [  6%]
tests/test_adventure_replay.py::test_the_veteran_side_actually_hits_harder PASSED [  6%]
tests/test_adventure_replay.py::test_battle_consumes_the_veteran_side PASSED [  6%]
tests/test_adventure_replay.py::test_veteran_bounties_pay_half_again PASSED [  7%]
tests/test_adventure_replay.py::test_the_picker_teases_the_veteran_road FAILED [  7%]
tests/test_adventure_rewards.py::test_award_bits_pays_the_enemy_bounty FAILED [  7%]
tests/test_adventure_rewards.py::test_a_zero_bounty_enemy_pays_nothing PASSED [  7%]
tests/test_adventure_rewards.py::test_bits_accumulate_across_fights PASSED [  7%]
tests/test_adventure_rewards.py::test_felling_the_boss_pays_out_and_the_verdict_shows_it FAILED [  7%]
tests/test_adventure_rewards.py::test_a_wild_win_pays_its_bounty_too PASSED [  7%]
tests/test_adventure_score.py::test_the_score_is_exactly_the_cards_tallies PASSED [  7%]
tests/test_adventure_score.py::test_the_best_book_keeps_only_the_high_water_mark PASSED [  7%]
tests/test_adventure_score.py::test_a_run_of_substance_records_and_brags_a_new_best PASSED [  7%]
tests/test_adventure_score.py::test_a_bare_turn_back_stays_out_of_the_books PASSED [  7%]
tests/test_adventure_score.py::test_the_zone_picker_shows_the_number_to_chase PASSED [  7%]
tests/test_adventure_shop.py::test_the_road_items_are_real_catalog_entries PASSED [  7%]
tests/test_adventure_shop.py::test_the_road_shelf_gates_on_maps_cleared PASSED [  7%]
tests/test_adventure_shop.py::test_a_map_is_cleared_when_its_last_zone_falls PASSED [  7%]
tests/test_adventure_shop.py::test_felling_a_maps_last_boss_records_the_map PASSED [  7%]
tests/test_adventure_shop.py::test_a_mid_map_zone_win_records_no_map PASSED [  7%]
tests/test_adventure_shop.py::test_every_sold_category_has_a_home_in_the_tab_grammar PASSED [  7%]
tests/test_adventure_shop.py::test_the_unlocked_road_shelf_renders_on_the_items_tab PASSED [  7%]
tests/test_adventure_shop.py::test_the_town_counter_sells_its_authored_transports PASSED [  7%]
tests/test_adventure_shop.py::test_a_town_counter_honours_the_map_clear_gate PASSED [  7%]
tests/test_adventure_shop.py::test_the_daily_deal_never_lands_on_a_locked_row PASSED [  7%]
tests/test_adventure_shop.py::test_every_town_carries_the_whole_road_shelf_once_earned PASSED [  7%]
tests/test_adventure_shop.py::test_a_held_road_item_shows_in_the_bag PASSED [  7%]
tests/test_adventure_streak.py::test_the_chain_grows_on_wins_and_breaks_on_anything_else PASSED [  7%]
tests/test_adventure_streak.py::test_the_streak_scales_the_bounty_to_the_cap PASSED [  7%]
tests/test_adventure_streak.py::test_any_town_rest_breaks_the_chain PASSED [  7%]
tests/test_adventure_streak.py::test_the_panel_chains_fights_and_wears_the_marker PASSED [  8%]
tests/test_adventure_summary.py::test_a_concluded_run_shows_the_results_before_teleporting PASSED [  8%]
tests/test_adventure_summary.py::test_the_results_count_fights_wins_and_finds PASSED [  8%]
tests/test_adventure_summary.py::test_a_bare_turn_back_skips_the_summary PASSED [  8%]
tests/test_adventure_towns.py::test_every_real_zone_ships_a_town_waypoint PASSED [  8%]
tests/test_adventure_towns.py::test_reaching_the_town_refills_lives_and_energy PASSED [  8%]
tests/test_adventure_towns.py::test_the_town_fires_only_once_per_span PASSED [  8%]
tests/test_adventure_towns.py::test_town_ground_suppresses_encounters PASSED [  8%]
tests/test_adventure_towns.py::test_the_panel_stops_at_the_town_to_visit_or_walk_on PASSED [  8%]
tests/test_adventure_towns.py::test_the_town_hub_opens_the_shop_and_leaves PASSED [  8%]
tests/test_adventure_towns.py::test_the_town_sell_slot_opens_the_bag PASSED [  8%]
tests/test_adventure_towns.py::test_a_spent_pet_rests_to_half_the_tank PASSED [  8%]
tests/test_adventure_towns.py::test_an_already_rested_pet_still_tops_up PASSED [  8%]
tests/test_adventure_transport.py::test_held_transports_lists_only_run_warps PASSED [  8%]
tests/test_adventure_transport.py::test_town_transport_jumps_to_the_town_and_rests PASSED [  8%]
tests/test_adventure_transport.py::test_danger_transport_dashes_to_the_boss_and_ambushes PASSED [  8%]
tests/test_adventure_transport.py::test_obsolete_or_unheld_transports_do_nothing PASSED [  8%]
tests/test_adventure_transport.py::test_the_panel_opens_the_menu_on_T_and_uses_the_warp PASSED [  8%]
tests/test_adventure_transport.py::test_a_danger_warp_from_the_panel_opens_a_fight PASSED [  8%]
tests/test_adventure_transport.py::test_life_recovery_restores_the_hearts_in_place PASSED [  8%]
tests/test_adventure_transport.py::test_life_recovery_hides_and_refuses_at_full_hearts PASSED [  8%]
tests/test_adventure_transport.py::test_the_panel_uses_a_life_recovery_from_the_T_menu PASSED [  8%]
tests/test_adventure_transport.py::test_the_menu_cancels_on_esc PASSED   [  8%]
tests/test_adventure_transport.py::test_a_town_warp_opens_the_town_doors PASSED [  8%]
tests/test_adventure_transport.py::test_a_warp_from_past_the_town_doubles_back_to_it PASSED [  8%]
tests/test_album_completable.py::test_the_album_denominator_is_actually_reachable PASSED [  8%]
tests/test_album_completable.py::test_every_duplicate_folds_onto_one_canonical_id PASSED [  8%]
tests/test_album_completable.py::test_album_gated_eggs_stay_within_reach PASSED [  9%]
tests/test_album_dex.py::test_name_twins_share_one_canonical_num PASSED  [  9%]
tests/test_album_dex.py::test_the_album_records_and_reveals_by_name PASSED [  9%]
tests/test_album_dex.py::test_old_raw_entries_canonicalize_on_read PASSED [  9%]
tests/test_album_dex.py::test_the_history_gate_accepts_either_twin PASSED [  9%]
tests/test_album_dex.py::test_erase_all_forgets_the_album_mirror PASSED  [  9%]
tests/test_album_screen.py::test_the_book_and_its_scoreboard_share_one_denominator PASSED [  9%]
tests/test_album_screen.py::test_undiscovered_entries_never_leak_a_name PASSED [  9%]
tests/test_album_screen.py::test_a_discovered_entry_wears_name_and_stage PASSED [  9%]
tests/test_album_screen.py::test_detail_pages_render_seen_sprite_and_unseen_silhouette PASSED [  9%]
tests/test_album_screen.py::test_key_walk_clamps_and_exits PASSED        [  9%]
tests/test_album_screen.py::test_trophies_page_opens_the_album_and_space_still_pages PASSED [  9%]
tests/test_album_screen.py::test_an_unseen_entry_names_its_route_home PASSED [  9%]
tests/test_album_screen.py::test_every_roster_form_gets_a_route_class PASSED [  9%]
tests/test_album_screen.py::test_the_unseen_detail_page_carries_the_route PASSED [  9%]
tests/test_anim_canon.py::test_happy_role_is_the_praise_pair_not_the_scold_pair PASSED [  9%]
tests/test_anim_canon.py::test_sick_shuffle_is_net_zero PASSED           [  9%]
tests/test_anim_canon.py::test_mood_pose_reads_live_state PASSED         [  9%]
tests/test_anim_canon.py::test_bright_is_earned_not_frozen PASSED        [  9%]
tests/test_anim_canon.py::test_mood_pose_indices_are_valid_sprite_frames PASSED [  9%]
tests/test_anim_canon.py::test_play_is_the_jump_pair_not_the_cheer_pair PASSED [  9%]
tests/test_anim_canon.py::test_render_yshift_lifts_the_sprite PASSED     [  9%]
tests/test_anim_canon.py::test_battle_strong_hit_sfx_branches_on_double PASSED [  9%]
tests/test_anim_canon.py::test_a_duplicate_slot_sheet_still_dances PASSED [  9%]
tests/test_anim_hardening.py::test_evolve_preritual_holds_then_blinks_silhouette PASSED [  9%]
tests/test_anim_hardening.py::test_item_evolve_keeps_the_canon_parade PASSED [  9%]
tests/test_anim_hardening.py::test_defeat_result_alternates_like_the_win PASSED [  9%]
tests/test_anim_hardening.py::test_cup_verdict_plays_the_home_beat PASSED [ 10%]
tests/test_anim_hardening.py::test_roamer_pauses_at_the_wall_on_the_turn_pose PASSED [ 10%]
tests/test_anim_hardening.py::test_hatch_wobble_accelerates PASSED       [ 10%]
tests/test_anim_hardening.py::test_final_winning_blow_lands_silent PASSED [ 10%]
tests/test_anim_hardening.py::test_condition_tiers PASSED                [ 10%]
tests/test_anim_hardening.py::test_condition_widens_the_mega_window PASSED [ 10%]
tests/test_anim_hardening.py::test_ladder_credits_only_agreeing_pairs PASSED [ 10%]
tests/test_anim_hardening.py::test_ladder_draw_and_forgery_credit_nothing PASSED [ 10%]
tests/test_anim_hardening.py::test_ladder_pair_cap_lids_collusion PASSED [ 10%]
tests/test_anim_hardening.py::test_ladder_view_and_past_season_award PASSED [ 10%]
tests/test_anim_hardening.py::test_ladder_claim_acks_like_raid_claim PASSED [ 10%]
tests/test_anim_hardening.py::test_pair_cap_survives_the_overflow_shed PASSED [ 10%]
tests/test_anim_hardening.py::test_ladder_award_grants_bits_exactly_once PASSED [ 10%]
tests/test_anim_hardening.py::test_ladder_page_renders PASSED            [ 10%]
tests/test_anim_hardening.py::test_weekend_mult_true_weekday_logic PASSED [ 10%]
tests/test_anim_hardening.py::test_weekend_tournament_purse_scales PASSED [ 10%]
tests/test_anim_hardening.py::test_a_landed_retaliation_is_shown_never_swallowed PASSED [ 10%]
tests/test_anim_timing.py::test_geriatric_pets_shuffle_on_the_aged_frames PASSED [ 10%]
tests/test_anim_timing.py::test_overeating_grimaces_the_bite PASSED      [ 10%]
tests/test_anim_timing.py::test_the_tick_is_one_dvpet_interval PASSED    [ 10%]
tests/test_anim_timing.py::test_heavy_species_skip_a_chew_cycle PASSED   [ 10%]
tests/test_announce.py::test_need_message_priority_and_text PASSED       [ 10%]
tests/test_announce.py::test_hud_announces_yields_and_clears PASSED      [ 10%]
tests/test_announce.py::test_alarm_beeps_on_onset_then_nags_every_90s PASSED [ 10%]
tests/test_announce.py::test_the_lights_call_is_the_one_asleep_alarm PASSED [ 10%]
tests/test_announce.py::test_frailty_warning_announces_before_the_elder_death PASSED [ 10%]
tests/test_announce.py::test_frail_badge_rides_the_hud_deco PASSED       [ 10%]
tests/test_announce.py::test_a_lone_pile_gets_the_quiet_tidy_nudge PASSED [ 11%]
tests/test_announce.py::test_frailty_beeps_once_at_onset PASSED          [ 11%]
tests/test_announce.py::test_the_morning_tier_reaches_the_hud PASSED     [ 11%]
tests/test_announce.py::test_the_egg_wait_has_a_pointer_and_an_eta PASSED [ 11%]
tests/test_announce.py::test_the_alarm_ring_count_carries_the_class PASSED [ 11%]
tests/test_armor_canon.py::test_the_canon_pairs_open_for_a_veteran PASSED [ 11%]
tests/test_armor_canon.py::test_the_digimental_is_a_gate_not_a_bypass PASSED [ 11%]
tests/test_armor_canon.py::test_the_report_shows_no_dropped_power_walls PASSED [ 11%]
tests/test_audit_fixes.py::test_int_dict_keys_survive_the_save_round_trip PASSED [ 11%]
tests/test_audit_fixes.py::test_long_horizon_clocks_persist PASSED       [ 11%]
tests/test_audit_fixes.py::test_staples_stay_out_of_gift_and_discover_pools PASSED [ 11%]
tests/test_audit_fixes.py::test_death_checks_apply_while_asleep PASSED   [ 11%]
tests/test_audit_fixes.py::test_nap_pays_down_bedtime_pressure PASSED    [ 11%]
tests/test_audit_fixes.py::test_sleeping_pet_battle_disturbs_before_refusing PASSED [ 11%]
tests/test_audit_fixes.py::test_wolf_down_decided_before_the_meal PASSED [ 11%]
tests/test_audit_fixes.py::test_dark_room_stays_dark_through_fx PASSED   [ 11%]
tests/test_audit_fixes.py::test_attention_predicate_is_shared PASSED     [ 11%]
tests/test_auto_care.py::test_config_values_are_the_classic_column PASSED [ 11%]
tests/test_auto_care.py::test_hiring_rolls_an_assistant_from_the_can_assist_pool PASSED [ 11%]
tests/test_auto_care.py::test_clean_visit_charges_and_costs_bond PASSED  [ 11%]
tests/test_auto_care.py::test_awake_priority_filth_then_hunger_then_strength PASSED [ 11%]
tests/test_auto_care.py::test_assisted_feed_is_never_refused PASSED      [ 11%]
tests/test_auto_care.py::test_asleep_the_assistant_cleans_then_dims_the_lights PASSED [ 11%]
tests/test_auto_care.py::test_unaffordable_visit_puts_the_assistant_off_duty PASSED [ 11%]
tests/test_auto_care.py::test_hourly_retainer_bills_and_quits_when_broke PASSED [ 11%]
tests/test_auto_care.py::test_visits_are_spaced_like_the_assistant_anim_guard PASSED [ 11%]
tests/test_auto_care.py::test_contract_survives_the_save_round_trip PASSED [ 11%]
tests/test_auto_care.py::test_assist_panel_toggles_and_shows_the_stage_prices PASSED [ 12%]
tests/test_auto_care.py::test_the_assistant_feeds_a_sick_pet_and_never_bills_a_headshake PASSED [ 12%]
tests/test_auto_care.py::test_assist_keys_ride_the_strip_only PASSED     [ 12%]
tests/test_auto_care.py::test_the_contract_names_its_quit_clause PASSED  [ 12%]
tests/test_auto_care.py::test_only_an_earned_verdict_rides_home PASSED   [ 12%]
tests/test_auto_update.py::test_a_newer_release_installs_itself_then_asks_for_a_restart PASSED [ 12%]
tests/test_auto_update.py::test_being_up_to_date_says_nothing PASSED     [ 12%]
tests/test_auto_update.py::test_a_failed_install_never_claims_success PASSED [ 12%]
tests/test_auto_update.py::test_a_host_that_cannot_self_install_is_told_the_command PASSED [ 12%]
tests/test_auto_update.py::test_the_player_can_opt_out PASSED            [ 12%]
tests/test_auto_update.py::test_auto_update_defaults_on_and_persists PASSED [ 12%]
tests/test_away_flag.py::test_the_teleport_toggles_away_both_ways PASSED [ 12%]
tests/test_away_flag.py::test_the_at_line_names_the_zone_biome_while_away PASSED [ 12%]
tests/test_away_flag.py::test_the_assistant_pauses_on_the_road PASSED    [ 12%]
tests/test_away_flag.py::test_the_road_key_hint_cycles_anchor_then_labels PASSED [ 12%]
tests/test_background_audit.py::test_every_scene_is_one_look_around_the_clock PASSED [ 12%]
tests/test_background_audit.py::test_background_swap_dissolves_instead_of_cutting PASSED [ 12%]
tests/test_background_audit.py::test_crossfade_retargets_from_the_visible_frame PASSED [ 12%]
tests/test_backgrounds.py::test_every_egg_is_wired_to_a_real_scene PASSED [ 12%]
tests/test_backgrounds.py::test_egg_bg_covers_exactly_the_egg_roster PASSED [ 12%]
tests/test_backgrounds.py::test_unknown_egg_falls_back_to_the_default PASSED [ 12%]
tests/test_backgrounds.py::test_every_sheet_is_single_frame PASSED       [ 12%]
tests/test_backgrounds.py::test_every_sheet_is_wired_or_allowlisted PASSED [ 12%]
tests/test_backgrounds.py::test_the_pet_wears_its_egg_scene_for_life PASSED [ 12%]
tests/test_backgrounds.py::test_scene_display_names_follow_the_family_law PASSED [ 12%]
tests/test_backgrounds.py::test_cliffside_and_water_eggs_stand_on_the_right_ground PASSED [ 12%]
tests/test_battle_audit.py::test_a_hurry_press_never_moves_the_fight_backward[0] PASSED [ 12%]
tests/test_battle_audit.py::test_a_hurry_press_never_moves_the_fight_backward[10] PASSED [ 13%]
tests/test_battle_audit.py::test_a_hurry_press_never_moves_the_fight_backward[3] PASSED [ 13%]
tests/test_battle_audit.py::test_a_hurry_press_never_moves_the_fight_backward[1] PASSED [ 13%]
tests/test_battle_audit.py::test_mashing_finishes_a_fight_FASTER_not_never PASSED [ 13%]
tests/test_battle_audit.py::test_the_outcome_is_the_same_however_you_press PASSED [ 13%]
tests/test_battle_audit.py::test_a_local_bout_bills_the_body_and_feeds_progression PASSED [ 13%]
tests/test_battle_audit.py::test_an_online_bout_bills_the_BODY_ONLY PASSED [ 13%]
tests/test_battle_audit.py::test_a_raid_volley_writes_NOTHING_on_the_pet PASSED [ 13%]
tests/test_battle_audit.py::test_the_weight_bill_floors_at_the_species_BASE PASSED [ 13%]
tests/test_battle_audit.py::test_every_chosen_fight_asks_the_same_condition_gate[injured-Muito machucado] PASSED [ 13%]
tests/test_battle_audit.py::test_every_chosen_fight_asks_the_same_condition_gate[sick-Muito doente] PASSED [ 13%]
tests/test_battle_audit.py::test_every_chosen_fight_asks_the_same_condition_gate[hunger-Com muita fome] PASSED [ 13%]
tests/test_battle_audit.py::test_every_chosen_fight_asks_the_same_condition_gate[poop-Limpe primeiro!] PASSED [ 13%]
tests/test_battle_audit.py::test_the_lock_is_pure_upside_and_reaches_the_fight PASSED [ 13%]
tests/test_battle_audit.py::test_the_bar_locks_the_form_the_fight_then_uses PASSED [ 13%]
tests/test_battle_audit.py::test_one_battle_card_paints_for_every_door[kw0] PASSED [ 13%]
tests/test_battle_audit.py::test_one_battle_card_paints_for_every_door[kw1] PASSED [ 13%]
tests/test_battle_audit.py::test_one_battle_card_paints_for_every_door[kw2] PASSED [ 13%]
tests/test_battle_audit.py::test_one_battle_card_paints_for_every_door[kw3] PASSED [ 13%]
tests/test_battle_audit.py::test_the_card_reaches_a_fight_hosted_INSIDE_another_screen PASSED [ 13%]
tests/test_battle_audit.py::test_the_skip_debounce_still_guards_the_first_presses PASSED [ 13%]
tests/test_battle_audit.py::test_the_road_BOSS_gate_asks_the_body_first[injured-Muito machucado] PASSED [ 13%]
tests/test_battle_audit.py::test_the_road_BOSS_gate_asks_the_body_first[sick-Muito doente] PASSED [ 13%]
tests/test_battle_audit.py::test_the_road_BOSS_gate_asks_the_body_first[hunger-Com muita fome] PASSED [ 13%]
tests/test_battle_audit.py::test_the_road_BOSS_gate_asks_the_body_first[poop-Limpe primeiro!] PASSED [ 13%]
tests/test_battle_audit.py::test_a_healthy_pet_still_walks_straight_into_the_boss PASSED [ 13%]
tests/test_battle_audit.py::test_a_refused_gate_is_never_a_dead_end PASSED [ 13%]
tests/test_battle_audit.py::test_a_raid_volley_asks_the_body_first[injured-Muito machucado] PASSED [ 14%]
tests/test_battle_audit.py::test_a_raid_volley_asks_the_body_first[sick-Muito doente] PASSED [ 14%]
tests/test_battle_audit.py::test_a_raid_volley_asks_the_body_first[hunger-Com muita fome] PASSED [ 14%]
tests/test_battle_audit.py::test_a_raid_volley_asks_the_body_first[poop-Limpe primeiro!] PASSED [ 14%]
tests/test_battle_audit.py::test_a_healthy_pet_still_gets_its_raid_volley PASSED [ 14%]
tests/test_battle_audit.py::test_the_carve_out_sits_on_the_true_pounce_and_the_wild_balks PASSED [ 14%]
tests/test_battle_audit.py::test_fighting_moves_the_lifetime_training_term_too PASSED [ 14%]
tests/test_battle_audit.py::test_the_drill_still_feeds_both_at_its_own_rate PASSED [ 14%]
tests/test_battle_audit.py::test_the_panel_never_builds_a_PVP_fight PASSED [ 14%]
tests/test_battle_audit.py::test_a_drained_pet_may_still_face_the_road_boss PASSED [ 14%]
tests/test_battle_audit.py::test_the_road_carve_out_is_ENERGY_ONLY[injured-Muito machucado] PASSED [ 14%]
tests/test_battle_audit.py::test_the_road_carve_out_is_ENERGY_ONLY[sick-Muito doente] PASSED [ 14%]
tests/test_battle_audit.py::test_the_road_carve_out_is_ENERGY_ONLY[hunger-Com muita fome] PASSED [ 14%]
tests/test_battle_audit.py::test_the_road_carve_out_is_ENERGY_ONLY[poop-Limpe primeiro!] PASSED [ 14%]
tests/test_battle_audit.py::test_the_home_doors_keep_the_energy_clause PASSED [ 14%]
tests/test_battle_race.py::test_hit_chance_components PASSED             [ 14%]
tests/test_battle_race.py::test_stage_rank_shifts_the_odds PASSED        [ 14%]
tests/test_battle_race.py::test_generate_is_deterministic_and_bounded PASSED [ 14%]
tests/test_battle_race.py::test_damage_follows_the_trained_hit_type PASSED [ 14%]
tests/test_battle_race.py::test_999_battles_forces_mega PASSED           [ 14%]
tests/test_battle_race.py::test_online_purse_values PASSED               [ 14%]
tests/test_battle_race.py::test_local_battle_trains_and_online_does_not PASSED [ 14%]
tests/test_battle_race.py::test_progression_channels_survive_the_race PASSED [ 14%]
tests/test_battle_race.py::test_raid_bout_reports_damage_and_records_nothing PASSED [ 14%]
tests/test_battle_race.py::test_the_panel_bar_locks_and_replays_the_race PASSED [ 14%]
tests/test_battle_race.py::test_the_saved_form_steadies_or_shakes_the_aim PASSED [ 14%]
tests/test_battle_race.py::test_coach_line_names_the_biggest_fixable_drag PASSED [ 14%]
tests/test_battle_race.py::test_a_true_draw_is_flagged PASSED            [ 15%]
tests/test_battle_race.py::test_the_result_note_tells_margin_draw_or_why PASSED [ 15%]
tests/test_battle_race.py::test_a_zeroed_foe_never_returns_fire PASSED   [ 15%]
tests/test_battle_race.py::test_a_battle_never_grinds_weight_below_the_species_base PASSED [ 15%]
tests/test_bedtime.py::test_stage_pacing_is_the_canon_curve PASSED       [ 15%]
tests/test_bedtime.py::test_line_pet_sleeps_at_its_bedtime_and_wakes_at_seven PASSED [ 15%]
tests/test_bedtime.py::test_midnight_bedtime_wraps PASSED                [ 15%]
tests/test_bedtime.py::test_lit_sleep_mistakes_repeat_on_the_canon_cadence PASSED [ 15%]
tests/test_bedtime.py::test_daytime_lights_off_is_a_nap_not_the_night PASSED [ 15%]
tests/test_bedtime.py::test_disturbed_line_pet_resleeps_by_the_clock PASSED [ 15%]
tests/test_bedtime.py::test_corpus_pet_keeps_the_pressure_model PASSED   [ 15%]
tests/test_bedtime.py::test_filth_no_longer_counts_as_a_care_mistake PASSED [ 15%]
tests/test_bedtime.py::test_hunger_call_is_one_mistake_per_call PASSED   [ 15%]
tests/test_bedtime.py::test_late_stage_five_mistakes_is_fatal_only_past_the_window PASSED [ 15%]
tests/test_bedtime.py::test_new_game_dawns_at_eight PASSED               [ 15%]
tests/test_bedtime.py::test_disturb_postpone_lands_in_the_canon_band PASSED [ 15%]
tests/test_bedtime.py::test_full_cared_night_refills_energy_and_dp_without_mistakes PASSED [ 15%]
tests/test_bedtime.py::test_sleep_pill_sticks_outside_the_window PASSED  [ 15%]
tests/test_bedtime.py::test_caffeine_pushes_a_line_pets_bedtime PASSED   [ 15%]
tests/test_bedtime.py::test_music_player_wake_holds_through_the_night PASSED [ 15%]
tests/test_birthday.py::test_good_birthday_needs_happy_majority_and_zero_slips PASSED [ 15%]
tests/test_birthday.py::test_one_slip_spoils_the_good_birthday PASSED    [ 15%]
tests/test_birthday.py::test_bad_birthday_costs_bonus PASSED             [ 15%]
tests/test_birthday.py::test_mood_tie_yields_a_normal_day PASSED         [ 15%]
tests/test_birthday.py::test_birthday_fires_on_the_age_day PASSED        [ 15%]
tests/test_birthday.py::test_slips_mark_the_day PASSED                   [ 15%]
tests/test_body_math.py::test_an_effort_heal_survives_a_long_empty_spell PASSED [ 15%]
tests/test_body_math.py::test_an_unhappy_pet_actually_reaches_the_sulk_over_a_day PASSED [ 16%]
tests/test_body_math.py::test_good_care_no_longer_mutes_the_happy_idles PASSED [ 16%]
tests/test_body_tells.py::test_both_fx_are_real_painted_shows PASSED     [ 16%]
tests/test_body_tells.py::test_the_app_owns_the_only_tell_trigger PASSED [ 16%]
tests/test_body_tells.py::test_the_dance_gate_is_a_building_need PASSED  [ 16%]
tests/test_body_tells.py::test_the_yawn_gate_is_the_canon_helper PASSED  [ 16%]
tests/test_bugreport.py::test_panel_collects_text_and_submits PASSED     [ 16%]
tests/test_bugreport.py::test_panel_empty_submit_is_rejected_and_esc_cancels PASSED [ 16%]
tests/test_bugreport.py::test_wrap_hard_splits_long_tokens PASSED        [ 16%]
tests/test_bugreport.py::test_submit_bug_returns_false_when_server_unreachable PASSED [ 16%]
tests/test_bugreport.py::test_pending_bug_stash_roundtrip PASSED         [ 16%]
tests/test_bugreport.py::test_server_handle_bug_stores_and_acks PASSED   [ 16%]
tests/test_bugreport.py::test_server_bug_endpoint_is_abuse_capped PASSED [ 16%]
tests/test_bugreport.py::test_flush_survives_an_outage_and_drops_damaged_lines PASSED [ 16%]
tests/test_bugreport.py::test_worker_verdicts_park_under_a_mode_and_flash_home PASSED [ 16%]
tests/test_canon_discipline.py::test_the_gauge_is_live_and_clamped PASSED [ 16%]
tests/test_canon_discipline.py::test_the_tantrum_fires_on_an_awake_home_pet PASSED [ 16%]
tests/test_canon_discipline.py::test_the_tantrum_never_fires_on_the_road_or_asleep PASSED [ 16%]
tests/test_canon_discipline.py::test_an_ignored_tantrum_costs PASSED     [ 16%]
tests/test_canon_discipline.py::test_scold_answers_the_call_and_wrong_scold_lands_nothing PASSED [ 16%]
tests/test_canon_discipline.py::test_praise_pays_only_in_a_proud_window PASSED [ 16%]
tests/test_canon_discipline.py::test_a_mega_drill_is_a_proud_moment PASSED [ 16%]
tests/test_canon_discipline.py::test_bedtime_placates_without_reward_or_cost PASSED [ 16%]
tests/test_canon_discipline.py::test_clean_pays_the_canon_obedience_reward_again PASSED [ 16%]
tests/test_canon_discipline.py::test_the_panel_picks_scold_on_an_open_call_and_applies PASSED [ 16%]
tests/test_canon_discipline.py::test_the_panel_wears_its_own_card PASSED [ 16%]
tests/test_canon_discipline.py::test_a_landed_praise_cheers_and_a_landed_scold_jeers PASSED [ 16%]
tests/test_canon_discipline.py::test_a_wrong_moment_verb_shows_nothing PASSED [ 17%]
tests/test_canon_discipline.py::test_the_show_survives_the_obedience_clamp PASSED [ 17%]
tests/test_canon_discipline.py::test_manners_fade_while_awake PASSED     [ 17%]
tests/test_canon_discipline.py::test_a_sour_pet_fades_faster_than_a_sunny_one PASSED [ 17%]
tests/test_canon_discipline.py::test_a_sleeper_never_fades PASSED        [ 17%]
tests/test_canon_discipline.py::test_dead_meter_saves_get_one_manners_heal PASSED [ 17%]
tests/test_canon_discipline.py::test_a_well_raised_pet_never_refuses PASSED [ 17%]
tests/test_canon_discipline.py::test_a_neglected_pet_can_blow_you_off PASSED [ 17%]
tests/test_canon_discipline.py::test_the_odds_ramp_with_neglect PASSED   [ 17%]
tests/test_canon_discipline.py::test_medicine_and_cleaning_are_never_refused PASSED [ 17%]
tests/test_canon_discipline.py::test_a_starving_pet_is_never_refused_food PASSED [ 17%]
tests/test_canon_discipline.py::test_evolution_doors_keep_their_energy_only_rule PASSED [ 17%]
tests/test_canon_discipline.py::test_a_new_pet_is_not_born_disobedient PASSED [ 17%]
tests/test_canon_discipline.py::test_an_ignored_tantrum_pays_the_full_mistake PASSED [ 17%]
tests/test_canon_injury.py::test_a_bad_condition_loss_can_wound PASSED   [ 17%]
tests/test_canon_injury.py::test_a_healthy_winner_virtually_never_wounds PASSED [ 17%]
tests/test_canon_injury.py::test_the_vitamin_is_the_canon_guard PASSED   [ 17%]
tests/test_canon_injury.py::test_online_bouts_never_wound PASSED         [ 17%]
tests/test_canon_injury.py::test_the_bandage_cures_and_the_pill_does_not PASSED [ 17%]
tests/test_canon_injury.py::test_the_bandage_refuses_a_healthy_pet PASSED [ 17%]
tests/test_canon_injury.py::test_an_injured_pet_still_eats PASSED        [ 17%]
tests/test_canon_injury.py::test_the_injury_cure_is_the_h_key_not_an_item_or_a_feed_row PASSED [ 17%]
tests/test_canon_injury.py::test_the_vitamin_guard_burns_at_one_per_game_minute PASSED [ 17%]
tests/test_canon_injury.py::test_a_wound_heals_on_its_own_clock PASSED   [ 17%]
tests/test_canon_injury.py::test_the_bandage_buys_off_the_wait PASSED    [ 17%]
tests/test_card_runoffs.py::test_no_card_line_runs_off[assist] PASSED    [ 17%]
tests/test_card_runoffs.py::test_no_card_line_runs_off[bag] PASSED       [ 17%]
tests/test_card_runoffs.py::test_no_card_line_runs_off[battle-fresh] PASSED [ 18%]
tests/test_card_runoffs.py::test_no_card_line_runs_off[battle-lost] PASSED [ 18%]
tests/test_card_runoffs.py::test_no_card_line_runs_off[battle-ready] PASSED [ 18%]
tests/test_card_runoffs.py::test_no_card_line_runs_off[battle-won] PASSED [ 18%]
tests/test_card_runoffs.py::test_no_card_line_runs_off[bug] PASSED       [ 18%]
tests/test_card_runoffs.py::test_no_card_line_runs_off[cup-bracket] PASSED [ 18%]
tests/test_card_runoffs.py::test_no_card_line_runs_off[cup-champion] PASSED [ 18%]
tests/test_card_runoffs.py::test_no_card_line_runs_off[cup-eliminated] PASSED [ 18%]
tests/test_card_runoffs.py::test_no_card_line_runs_off[cup-select] PASSED [ 18%]
tests/test_card_runoffs.py::test_no_card_line_runs_off[death-etch] PASSED [ 18%]
tests/test_card_runoffs.py::test_no_card_line_runs_off[digicore] PASSED  [ 18%]
tests/test_card_runoffs.py::test_no_card_line_runs_off[dna-bet] PASSED   [ 18%]
tests/test_card_runoffs.py::test_no_card_line_runs_off[dna-charge] PASSED [ 18%]
tests/test_card_runoffs.py::test_no_card_line_runs_off[dna-home] PASSED  [ 18%]
tests/test_card_runoffs.py::test_no_card_line_runs_off[dna-mash] PASSED  [ 18%]
tests/test_card_runoffs.py::test_no_card_line_runs_off[dna-result] PASSED [ 18%]
tests/test_card_runoffs.py::test_no_card_line_runs_off[dna-roads] PASSED [ 18%]
tests/test_card_runoffs.py::test_no_card_line_runs_off[dna-stats] PASSED [ 18%]
tests/test_card_runoffs.py::test_no_card_line_runs_off[eat] PASSED       [ 18%]
tests/test_card_runoffs.py::test_no_card_line_runs_off[egg] PASSED       [ 18%]
tests/test_card_runoffs.py::test_no_card_line_runs_off[eggguide] PASSED  [ 18%]
tests/test_card_runoffs.py::test_no_card_line_runs_off[eggselect] PASSED [ 18%]
tests/test_card_runoffs.py::test_no_card_line_runs_off[feed] PASSED      [ 18%]
tests/test_card_runoffs.py::test_no_card_line_runs_off[grave] PASSED     [ 18%]
tests/test_card_runoffs.py::test_no_card_line_runs_off[help] PASSED      [ 18%]
tests/test_card_runoffs.py::test_no_card_line_runs_off[home-sick-poop] PASSED [ 18%]
tests/test_card_runoffs.py::test_no_card_line_runs_off[home-vitals] PASSED [ 18%]
tests/test_card_runoffs.py::test_no_card_line_runs_off[lobby-connecting] PASSED [ 19%]
tests/test_card_runoffs.py::test_no_card_line_runs_off[options] PASSED   [ 19%]
tests/test_card_runoffs.py::test_no_card_line_runs_off[raid-award] PASSED [ 19%]
tests/test_card_runoffs.py::test_no_card_line_runs_off[raid-incoming] PASSED [ 19%]
tests/test_card_runoffs.py::test_no_card_line_runs_off[raid-standing] PASSED [ 19%]
tests/test_card_runoffs.py::test_no_card_line_runs_off[raid-volley-card] PASSED [ 19%]
tests/test_card_runoffs.py::test_no_card_line_runs_off[scenes] PASSED    [ 19%]
tests/test_card_runoffs.py::test_no_card_line_runs_off[shop] PASSED      [ 19%]
tests/test_card_runoffs.py::test_no_card_line_runs_off[title] PASSED     [ 19%]
tests/test_card_runoffs.py::test_no_card_line_runs_off[town-eggs] PASSED [ 19%]
tests/test_card_runoffs.py::test_no_card_line_runs_off[training] PASSED  [ 19%]
tests/test_care_asleep.py::test_care_actions_disturb_instead_of_acting PASSED [ 19%]
tests/test_care_asleep.py::test_disturbing_sleep_counts PASSED           [ 19%]
tests/test_care_asleep.py::test_unrested_disturb_postpones_the_sleep PASSED [ 19%]
tests/test_care_asleep.py::test_care_works_again_once_awake PASSED       [ 19%]
tests/test_care_audit.py::test_the_starvation_clock_is_counted_in_the_bodys_own_minutes PASSED [ 19%]
tests/test_care_audit.py::test_a_pet_held_at_an_empty_belly_actually_starves PASSED [ 19%]
tests/test_care_audit.py::test_a_belly_that_is_fed_resets_the_clock PASSED [ 19%]
tests/test_care_audit.py::test_a_sleeping_pet_does_not_starve_in_its_sleep PASSED [ 19%]
tests/test_care_audit.py::test_a_full_belly_is_one_game_day PASSED       [ 19%]
tests/test_care_audit.py::test_a_pet_nobody_feeds_now_starves_as_it_should PASSED [ 19%]
tests/test_care_audit.py::test_the_attentive_player_is_not_punished_by_the_faster_clock PASSED [ 19%]
tests/test_care_audit.py::test_an_attentive_player_keeps_a_spotless_pet PASSED [ 19%]
tests/test_care_audit.py::test_the_meters_never_leave_their_rails[1] PASSED [ 19%]
tests/test_care_audit.py::test_the_meters_never_leave_their_rails[3] PASSED [ 19%]
tests/test_care_audit.py::test_every_care_mistake_has_exactly_one_source PASSED [ 19%]
tests/test_care_audit.py::test_the_death_ladder_holds_at_both_ends PASSED [ 19%]
tests/test_care_audit.py::test_all_three_body_clocks_are_tied_to_the_day PASSED [ 20%]
tests/test_care_audit.py::test_a_cared_for_pet_never_wastes_below_its_base_weight PASSED [ 20%]
tests/test_care_audit.py::test_starvation_alone_may_still_waste_a_pet_below_base PASSED [ 20%]
tests/test_care_audit.py::test_the_difficulty_curve_forgives_an_imperfect_player[0.0-True] PASSED [ 20%]
tests/test_care_audit.py::test_the_difficulty_curve_forgives_an_imperfect_player[0.3-True] PASSED [ 20%]
tests/test_care_audit.py::test_the_difficulty_curve_forgives_an_imperfect_player[0.6-True] PASSED [ 20%]
tests/test_care_audit.py::test_the_difficulty_curve_forgives_an_imperfect_player[0.9-True] PASSED [ 20%]
tests/test_care_audit.py::test_the_difficulty_curve_forgives_an_imperfect_player[1.0-False] PASSED [ 20%]
tests/test_care_bonus.py::test_config_parity PASSED                      [ 20%]
tests/test_care_bonus.py::test_the_full_report_card_adds_up PASSED       [ 20%]
tests/test_care_bonus.py::test_a_real_mega_life_no_longer_grades_zero PASSED [ 20%]
tests/test_care_bonus.py::test_longevity_speaks_the_memorial_day PASSED  [ 20%]
tests/test_care_bonus.py::test_mistakes_and_misery_drag_it_to_the_floor PASSED [ 20%]
tests/test_care_bonus.py::test_each_leg_moves_the_grade PASSED           [ 20%]
tests/test_care_bonus.py::test_the_seed_rides_to_the_next_generation PASSED [ 20%]
tests/test_care_bonus.py::test_a_perfectly_kept_pet_finally_reads_happy PASSED [ 20%]
tests/test_care_bonus.py::test_the_happy_leg_pays_the_grade PASSED       [ 20%]
tests/test_catalog_categories.py::test_the_category_set_is_exactly_the_ruled_one PASSED [ 20%]
tests/test_catalog_categories.py::test_the_lying_names_are_gone PASSED   [ 20%]
tests/test_catalog_categories.py::test_category_order_covers_every_live_category PASSED [ 20%]
tests/test_catalog_categories.py::test_medicine_holds_the_ailment_cures_and_legacy_holds_the_dead PASSED [ 20%]
tests/test_catalog_categories.py::test_training_holds_the_body_items PASSED [ 20%]
tests/test_catalog_categories.py::test_the_tab_grammar_names_only_real_categories PASSED [ 20%]
tests/test_catalog_categories.py::test_every_category_has_a_tab_home PASSED [ 20%]
tests/test_catalog_categories.py::test_the_items_tab_groups_under_sub_headers PASSED [ 20%]
tests/test_catalog_categories.py::test_flat_tabs_get_no_headers PASSED   [ 20%]
tests/test_catalog_categories.py::test_a_header_is_never_selectable PASSED [ 20%]
tests/test_catalog_categories.py::test_a_cursor_parked_on_a_header_is_snapped_off_before_acting PASSED [ 21%]
tests/test_catalog_categories.py::test_acting_on_a_header_does_nothing PASSED [ 21%]
tests/test_catalog_categories.py::test_the_panel_still_fits_the_lcd_with_headers PASSED [ 21%]
tests/test_catalog_categories.py::test_the_dossier_goes_quiet_rather_than_pricing_a_label PASSED [ 21%]
tests/test_catalog_record.py::test_every_entry_is_the_named_record PASSED [ 21%]
tests/test_catalog_record.py::test_field_order_matches_the_authored_table PASSED [ 21%]
tests/test_catalog_record.py::test_the_wrap_changed_no_data PASSED       [ 21%]
tests/test_catalog_record.py::test_index_access_still_works PASSED       [ 21%]
tests/test_catalog_record.py::test_no_whole_record_unpacking_survives_anywhere PASSED [ 21%]
tests/test_catalog_record.py::test_widening_the_record_cannot_break_a_reader PASSED [ 21%]
tests/test_catalog_record.py::test_the_record_can_grow_without_breaking_readers PASSED [ 21%]
tests/test_catalog_record.py::test_no_positional_catalog_reads_remain_in_shop PASSED [ 21%]
tests/test_catalog_record.py::test_derived_views_agree_with_the_record PASSED [ 21%]
tests/test_catalog_record.py::test_every_icon_resolves_back_to_its_key[ai_food_pill] PASSED [ 21%]
tests/test_catalog_record.py::test_every_icon_resolves_back_to_its_key[ai_supplement] PASSED [ 21%]
tests/test_catalog_record.py::test_every_icon_resolves_back_to_its_key[anti_evo_chip] PASSED [ 21%]
tests/test_catalog_record.py::test_every_icon_resolves_back_to_its_key[ball] PASSED [ 21%]
tests/test_catalog_record.py::test_every_icon_resolves_back_to_its_key[beast_dark_spirit] PASSED [ 21%]
tests/test_catalog_record.py::test_every_icon_resolves_back_to_its_key[beast_earth_spirit] PASSED [ 21%]
tests/test_catalog_record.py::test_every_icon_resolves_back_to_its_key[beast_fire_spirit] PASSED [ 21%]
tests/test_catalog_record.py::test_every_icon_resolves_back_to_its_key[beast_ice_spirit] PASSED [ 21%]
tests/test_catalog_record.py::test_every_icon_resolves_back_to_its_key[beast_light_spirit] PASSED [ 21%]
tests/test_catalog_record.py::test_every_icon_resolves_back_to_its_key[beast_metal_spirit] PASSED [ 21%]
tests/test_catalog_record.py::test_every_icon_resolves_back_to_its_key[beast_thunder_spirit] PASSED [ 21%]
tests/test_catalog_record.py::test_every_icon_resolves_back_to_its_key[beast_water_spirit] PASSED [ 21%]
tests/test_catalog_record.py::test_every_icon_resolves_back_to_its_key[beast_wind_spirit] PASSED [ 21%]
tests/test_catalog_record.py::test_every_icon_resolves_back_to_its_key[beast_wood_spirit] PASSED [ 21%]
tests/test_catalog_record.py::test_every_icon_resolves_back_to_its_key[black_wings] PASSED [ 22%]
tests/test_catalog_record.py::test_every_icon_resolves_back_to_its_key[board_game] PASSED [ 22%]
tests/test_catalog_record.py::test_every_icon_resolves_back_to_its_key[book] PASSED [ 22%]
tests/test_catalog_record.py::test_every_icon_resolves_back_to_its_key[bread] PASSED [ 22%]
tests/test_catalog_record.py::test_every_icon_resolves_back_to_its_key[broccoli] PASSED [ 22%]
tests/test_catalog_record.py::test_every_icon_resolves_back_to_its_key[burnt_food] PASSED [ 22%]
tests/test_catalog_record.py::test_every_icon_resolves_back_to_its_key[caffeine_pill] PASSED [ 22%]
tests/test_catalog_record.py::test_every_icon_resolves_back_to_its_key[cake] PASSED [ 22%]
tests/test_catalog_record.py::test_every_icon_resolves_back_to_its_key[candy] PASSED [ 22%]
tests/test_catalog_record.py::test_every_icon_resolves_back_to_its_key[capsule_a] PASSED [ 22%]
tests/test_catalog_record.py::test_every_icon_resolves_back_to_its_key[capsule_b] PASSED [ 22%]
tests/test_catalog_record.py::test_every_icon_resolves_back_to_its_key[capsule_c] PASSED [ 22%]
tests/test_catalog_record.py::test_every_icon_resolves_back_to_its_key[capsule_d] PASSED [ 22%]
tests/test_catalog_record.py::test_every_icon_resolves_back_to_its_key[capsule_e] PASSED [ 22%]
tests/test_catalog_record.py::test_every_icon_resolves_back_to_its_key[capsule_f] PASSED [ 22%]
tests/test_catalog_record.py::test_every_icon_resolves_back_to_its_key[capsule_g] PASSED [ 22%]
tests/test_catalog_record.py::test_every_icon_resolves_back_to_its_key[capsule_h] PASSED [ 22%]
tests/test_catalog_record.py::test_every_icon_resolves_back_to_its_key[cheese] PASSED [ 22%]
tests/test_catalog_record.py::test_every_icon_resolves_back_to_its_key[cheese_burger] PASSED [ 22%]
tests/test_catalog_record.py::test_every_icon_resolves_back_to_its_key[chocolate_egg] PASSED [ 22%]
tests/test_catalog_record.py::test_every_icon_resolves_back_to_its_key[cold_compress] PASSED [ 22%]
tests/test_catalog_record.py::test_every_icon_resolves_back_to_its_key[computer_game] PASSED [ 22%]
tests/test_catalog_record.py::test_every_icon_resolves_back_to_its_key[continent_transport] PASSED [ 22%]
tests/test_catalog_record.py::test_every_icon_resolves_back_to_its_key[cookie] PASSED [ 22%]
tests/test_catalog_record.py::test_every_icon_resolves_back_to_its_key[cupcake] PASSED [ 22%]
tests/test_catalog_record.py::test_every_icon_resolves_back_to_its_key[data_chip] PASSED [ 22%]
tests/test_catalog_record.py::test_every_icon_resolves_back_to_its_key[data_chip_g] PASSED [ 22%]
tests/test_catalog_record.py::test_every_icon_resolves_back_to_its_key[datatron] PASSED [ 23%]
tests/test_catalog_record.py::test_every_icon_resolves_back_to_its_key[disaster_transport] PASSED [ 23%]
tests/test_catalog_record.py::test_every_icon_resolves_back_to_its_key[dna_crystal] PASSED [ 23%]
tests/test_catalog_record.py::test_every_icon_resolves_back_to_its_key[dumbbell] PASSED [ 23%]
tests/test_catalog_record.py::test_every_icon_resolves_back_to_its_key[elixir] PASSED [ 23%]
tests/test_catalog_record.py::test_every_icon_resolves_back_to_its_key[energy_drink] PASSED [ 23%]
tests/test_catalog_record.py::test_every_icon_resolves_back_to_its_key[fish] PASSED [ 23%]
tests/test_catalog_record.py::test_every_icon_resolves_back_to_its_key[flaming_wings] PASSED [ 23%]
tests/test_catalog_record.py::test_every_icon_resolves_back_to_its_key[food_pill] PASSED [ 23%]
tests/test_catalog_record.py::test_every_icon_resolves_back_to_its_key[fruit] PASSED [ 23%]
tests/test_catalog_record.py::test_every_icon_resolves_back_to_its_key[futon] PASSED [ 23%]
tests/test_catalog_record.py::test_every_icon_resolves_back_to_its_key[giga_meal] PASSED [ 23%]
tests/test_catalog_record.py::test_every_icon_resolves_back_to_its_key[gold_pill] PASSED [ 23%]
tests/test_catalog_record.py::test_every_icon_resolves_back_to_its_key[green_pepper] PASSED [ 23%]
tests/test_catalog_record.py::test_every_icon_resolves_back_to_its_key[grey_claws] PASSED [ 23%]
tests/test_catalog_record.py::test_every_icon_resolves_back_to_its_key[grow_capsule] PASSED [ 23%]
tests/test_catalog_record.py::test_every_icon_resolves_back_to_its_key[hedonism_101] PASSED [ 23%]
tests/test_catalog_record.py::test_every_icon_resolves_back_to_its_key[honey] PASSED [ 23%]
tests/test_catalog_record.py::test_every_icon_resolves_back_to_its_key[horn_helmet] PASSED [ 23%]
tests/test_catalog_record.py::test_every_icon_resolves_back_to_its_key[hp_chip] PASSED [ 23%]
tests/test_catalog_record.py::test_every_icon_resolves_back_to_its_key[hp_chip_g] PASSED [ 23%]
tests/test_catalog_record.py::test_every_icon_resolves_back_to_its_key[human_dark_spirit] PASSED [ 23%]
tests/test_catalog_record.py::test_every_icon_resolves_back_to_its_key[human_earth_spirit] PASSED [ 23%]
tests/test_catalog_record.py::test_every_icon_resolves_back_to_its_key[human_fire_spirit] PASSED [ 23%]
tests/test_catalog_record.py::test_every_icon_resolves_back_to_its_key[human_ice_spirit] PASSED [ 23%]
tests/test_catalog_record.py::test_every_icon_resolves_back_to_its_key[human_light_spirit] PASSED [ 23%]
tests/test_catalog_record.py::test_every_icon_resolves_back_to_its_key[human_metal_spirit] PASSED [ 23%]
tests/test_catalog_record.py::test_every_icon_resolves_back_to_its_key[human_thunder_spirit] PASSED [ 24%]
tests/test_catalog_record.py::test_every_icon_resolves_back_to_its_key[human_water_spirit] PASSED [ 24%]
tests/test_catalog_record.py::test_every_icon_resolves_back_to_its_key[human_wind_spirit] PASSED [ 24%]
tests/test_catalog_record.py::test_every_icon_resolves_back_to_its_key[human_wood_spirit] PASSED [ 24%]
tests/test_catalog_record.py::test_every_icon_resolves_back_to_its_key[life_recovery] PASSED [ 24%]
tests/test_catalog_record.py::test_every_icon_resolves_back_to_its_key[meat] PASSED [ 24%]
tests/test_catalog_record.py::test_every_icon_resolves_back_to_its_key[med] PASSED [ 24%]
tests/test_catalog_record.py::test_every_icon_resolves_back_to_its_key[memory] PASSED [ 24%]
tests/test_catalog_record.py::test_every_icon_resolves_back_to_its_key[metal_armor] PASSED [ 24%]
tests/test_catalog_record.py::test_every_icon_resolves_back_to_its_key[miracle_drink] PASSED [ 24%]
tests/test_catalog_record.py::test_every_icon_resolves_back_to_its_key[music_player] PASSED [ 24%]
tests/test_catalog_record.py::test_every_icon_resolves_back_to_its_key[omni_chip_g] PASSED [ 24%]
tests/test_catalog_record.py::test_every_icon_resolves_back_to_its_key[orange] PASSED [ 24%]
tests/test_catalog_record.py::test_every_icon_resolves_back_to_its_key[poison_mushroom] PASSED [ 24%]
tests/test_catalog_record.py::test_every_icon_resolves_back_to_its_key[port_potty] PASSED [ 24%]
tests/test_catalog_record.py::test_every_icon_resolves_back_to_its_key[prank_capsule_a] PASSED [ 24%]
tests/test_catalog_record.py::test_every_icon_resolves_back_to_its_key[prank_capsule_b] PASSED [ 24%]
tests/test_catalog_record.py::test_every_icon_resolves_back_to_its_key[red_pepper] PASSED [ 24%]
tests/test_catalog_record.py::test_every_icon_resolves_back_to_its_key[revive_floppy] PASSED [ 24%]
tests/test_catalog_record.py::test_every_icon_resolves_back_to_its_key[skateboard] PASSED [ 24%]
tests/test_catalog_record.py::test_every_icon_resolves_back_to_its_key[sleeping_pill] PASSED [ 24%]
tests/test_catalog_record.py::test_every_icon_resolves_back_to_its_key[slim_drink] PASSED [ 24%]
tests/test_catalog_record.py::test_every_icon_resolves_back_to_its_key[steak] PASSED [ 24%]
tests/test_catalog_record.py::test_every_icon_resolves_back_to_its_key[supplement] PASSED [ 24%]
tests/test_catalog_record.py::test_every_icon_resolves_back_to_its_key[television] PASSED [ 24%]
tests/test_catalog_record.py::test_every_icon_resolves_back_to_its_key[textbook] PASSED [ 24%]
tests/test_catalog_record.py::test_every_icon_resolves_back_to_its_key[torn_tatter] PASSED [ 24%]
tests/test_catalog_record.py::test_every_icon_resolves_back_to_its_key[town_transport] PASSED [ 25%]
tests/test_catalog_record.py::test_every_icon_resolves_back_to_its_key[toy_oven] PASSED [ 25%]
tests/test_catalog_record.py::test_every_icon_resolves_back_to_its_key[trampoline] PASSED [ 25%]
tests/test_catalog_record.py::test_every_icon_resolves_back_to_its_key[tuna] PASSED [ 25%]
tests/test_catalog_record.py::test_every_icon_resolves_back_to_its_key[vaccine_chip] PASSED [ 25%]
tests/test_catalog_record.py::test_every_icon_resolves_back_to_its_key[vaccine_chip_g] PASSED [ 25%]
tests/test_catalog_record.py::test_every_icon_resolves_back_to_its_key[vegetable] PASSED [ 25%]
tests/test_catalog_record.py::test_every_icon_resolves_back_to_its_key[video_game] PASSED [ 25%]
tests/test_catalog_record.py::test_every_icon_resolves_back_to_its_key[virus_chip] PASSED [ 25%]
tests/test_catalog_record.py::test_every_icon_resolves_back_to_its_key[virus_chip_g] PASSED [ 25%]
tests/test_catalog_record.py::test_every_icon_resolves_back_to_its_key[vitamin] PASSED [ 25%]
tests/test_catalog_record.py::test_every_icon_resolves_back_to_its_key[vitamin_g] PASSED [ 25%]
tests/test_catalog_record.py::test_every_icon_resolves_back_to_its_key[water_bottle] PASSED [ 25%]
tests/test_catalog_record.py::test_every_icon_resolves_back_to_its_key[white_wings] PASSED [ 25%]
tests/test_catalog_record.py::test_every_icon_resolves_back_to_its_key[x_antibody] PASSED [ 25%]
tests/test_catalog_record.py::test_every_icon_resolves_back_to_its_key[x_program] PASSED [ 25%]
tests/test_catalog_record.py::test_every_icon_resolves_back_to_its_key[xylophone] PASSED [ 25%]
tests/test_catalog_record.py::test_every_icon_resolves_back_to_its_key[yellow_pepper] PASSED [ 25%]
tests/test_catalog_record.py::test_every_icon_resolves_back_to_its_key[zone_transport] PASSED [ 25%]
tests/test_catalog_touches.py::test_every_catalog_entry_declares_touches PASSED [ 25%]
tests/test_catalog_touches.py::test_every_touched_name_is_a_real_pet_field PASSED [ 25%]
tests/test_catalog_touches.py::test_no_item_touches_a_dormant_stat PASSED [ 25%]
tests/test_catalog_touches.py::test_no_item_claims_a_no_op_meter PASSED  [ 25%]
tests/test_catalog_touches.py::test_only_road_items_are_road_scoped PASSED [ 25%]
tests/test_catalog_touches.py::test_road_items_touch_nothing_from_the_home_bag PASSED [ 25%]
tests/test_catalog_touches.py::test_every_home_item_does_something PASSED [ 25%]
tests/test_catalog_touches.py::test_tier_is_populated_by_derivation_not_by_hand PASSED [ 25%]
tests/test_catalog_touches.py::test_touches_has_no_duplicates[ai_food_pill] PASSED [ 26%]
tests/test_catalog_touches.py::test_touches_has_no_duplicates[ai_supplement] PASSED [ 26%]
tests/test_catalog_touches.py::test_touches_has_no_duplicates[anti_evo_chip] PASSED [ 26%]
tests/test_catalog_touches.py::test_touches_has_no_duplicates[ball] PASSED [ 26%]
tests/test_catalog_touches.py::test_touches_has_no_duplicates[beast_dark_spirit] PASSED [ 26%]
tests/test_catalog_touches.py::test_touches_has_no_duplicates[beast_earth_spirit] PASSED [ 26%]
tests/test_catalog_touches.py::test_touches_has_no_duplicates[beast_fire_spirit] PASSED [ 26%]
tests/test_catalog_touches.py::test_touches_has_no_duplicates[beast_ice_spirit] PASSED [ 26%]
tests/test_catalog_touches.py::test_touches_has_no_duplicates[beast_light_spirit] PASSED [ 26%]
tests/test_catalog_touches.py::test_touches_has_no_duplicates[beast_metal_spirit] PASSED [ 26%]
tests/test_catalog_touches.py::test_touches_has_no_duplicates[beast_thunder_spirit] PASSED [ 26%]
tests/test_catalog_touches.py::test_touches_has_no_duplicates[beast_water_spirit] PASSED [ 26%]
tests/test_catalog_touches.py::test_touches_has_no_duplicates[beast_wind_spirit] PASSED [ 26%]
tests/test_catalog_touches.py::test_touches_has_no_duplicates[beast_wood_spirit] PASSED [ 26%]
tests/test_catalog_touches.py::test_touches_has_no_duplicates[black_wings] PASSED [ 26%]
tests/test_catalog_touches.py::test_touches_has_no_duplicates[board_game] PASSED [ 26%]
tests/test_catalog_touches.py::test_touches_has_no_duplicates[book] PASSED [ 26%]
tests/test_catalog_touches.py::test_touches_has_no_duplicates[bread] PASSED [ 26%]
tests/test_catalog_touches.py::test_touches_has_no_duplicates[broccoli] PASSED [ 26%]
tests/test_catalog_touches.py::test_touches_has_no_duplicates[burnt_food] PASSED [ 26%]
tests/test_catalog_touches.py::test_touches_has_no_duplicates[caffeine_pill] PASSED [ 26%]
tests/test_catalog_touches.py::test_touches_has_no_duplicates[cake] PASSED [ 26%]
tests/test_catalog_touches.py::test_touches_has_no_duplicates[candy] PASSED [ 26%]
tests/test_catalog_touches.py::test_touches_has_no_duplicates[capsule_a] PASSED [ 26%]
tests/test_catalog_touches.py::test_touches_has_no_duplicates[capsule_b] PASSED [ 26%]
tests/test_catalog_touches.py::test_touches_has_no_duplicates[capsule_c] PASSED [ 26%]
tests/test_catalog_touches.py::test_touches_has_no_duplicates[capsule_d] PASSED [ 26%]
tests/test_catalog_touches.py::test_touches_has_no_duplicates[capsule_e] PASSED [ 27%]
tests/test_catalog_touches.py::test_touches_has_no_duplicates[capsule_f] PASSED [ 27%]
tests/test_catalog_touches.py::test_touches_has_no_duplicates[capsule_g] PASSED [ 27%]
tests/test_catalog_touches.py::test_touches_has_no_duplicates[capsule_h] PASSED [ 27%]
tests/test_catalog_touches.py::test_touches_has_no_duplicates[cheese] PASSED [ 27%]
tests/test_catalog_touches.py::test_touches_has_no_duplicates[cheese_burger] PASSED [ 27%]
tests/test_catalog_touches.py::test_touches_has_no_duplicates[chocolate_egg] PASSED [ 27%]
tests/test_catalog_touches.py::test_touches_has_no_duplicates[cold_compress] PASSED [ 27%]
tests/test_catalog_touches.py::test_touches_has_no_duplicates[computer_game] PASSED [ 27%]
tests/test_catalog_touches.py::test_touches_has_no_duplicates[continent_transport] PASSED [ 27%]
tests/test_catalog_touches.py::test_touches_has_no_duplicates[cookie] PASSED [ 27%]
tests/test_catalog_touches.py::test_touches_has_no_duplicates[cupcake] PASSED [ 27%]
tests/test_catalog_touches.py::test_touches_has_no_duplicates[data_chip] PASSED [ 27%]
tests/test_catalog_touches.py::test_touches_has_no_duplicates[data_chip_g] PASSED [ 27%]
tests/test_catalog_touches.py::test_touches_has_no_duplicates[datatron] PASSED [ 27%]
tests/test_catalog_touches.py::test_touches_has_no_duplicates[disaster_transport] PASSED [ 27%]
tests/test_catalog_touches.py::test_touches_has_no_duplicates[dna_crystal] PASSED [ 27%]
tests/test_catalog_touches.py::test_touches_has_no_duplicates[dumbbell] PASSED [ 27%]
tests/test_catalog_touches.py::test_touches_has_no_duplicates[elixir] PASSED [ 27%]
tests/test_catalog_touches.py::test_touches_has_no_duplicates[energy_drink] PASSED [ 27%]
tests/test_catalog_touches.py::test_touches_has_no_duplicates[fish] PASSED [ 27%]
tests/test_catalog_touches.py::test_touches_has_no_duplicates[flaming_wings] PASSED [ 27%]
tests/test_catalog_touches.py::test_touches_has_no_duplicates[food_pill] PASSED [ 27%]
tests/test_catalog_touches.py::test_touches_has_no_duplicates[fruit] PASSED [ 27%]
tests/test_catalog_touches.py::test_touches_has_no_duplicates[futon] PASSED [ 27%]
tests/test_catalog_touches.py::test_touches_has_no_duplicates[giga_meal] PASSED [ 27%]
tests/test_catalog_touches.py::test_touches_has_no_duplicates[gold_pill] PASSED [ 27%]
tests/test_catalog_touches.py::test_touches_has_no_duplicates[green_pepper] PASSED [ 28%]
tests/test_catalog_touches.py::test_touches_has_no_duplicates[grey_claws] PASSED [ 28%]
tests/test_catalog_touches.py::test_touches_has_no_duplicates[grow_capsule] PASSED [ 28%]
tests/test_catalog_touches.py::test_touches_has_no_duplicates[hedonism_101] PASSED [ 28%]
tests/test_catalog_touches.py::test_touches_has_no_duplicates[honey] PASSED [ 28%]
tests/test_catalog_touches.py::test_touches_has_no_duplicates[horn_helmet] PASSED [ 28%]
tests/test_catalog_touches.py::test_touches_has_no_duplicates[hp_chip] PASSED [ 28%]
tests/test_catalog_touches.py::test_touches_has_no_duplicates[hp_chip_g] PASSED [ 28%]
tests/test_catalog_touches.py::test_touches_has_no_duplicates[human_dark_spirit] PASSED [ 28%]
tests/test_catalog_touches.py::test_touches_has_no_duplicates[human_earth_spirit] PASSED [ 28%]
tests/test_catalog_touches.py::test_touches_has_no_duplicates[human_fire_spirit] PASSED [ 28%]
tests/test_catalog_touches.py::test_touches_has_no_duplicates[human_ice_spirit] PASSED [ 28%]
tests/test_catalog_touches.py::test_touches_has_no_duplicates[human_light_spirit] PASSED [ 28%]
tests/test_catalog_touches.py::test_touches_has_no_duplicates[human_metal_spirit] PASSED [ 28%]
tests/test_catalog_touches.py::test_touches_has_no_duplicates[human_thunder_spirit] PASSED [ 28%]
tests/test_catalog_touches.py::test_touches_has_no_duplicates[human_water_spirit] PASSED [ 28%]
tests/test_catalog_touches.py::test_touches_has_no_duplicates[human_wind_spirit] PASSED [ 28%]
tests/test_catalog_touches.py::test_touches_has_no_duplicates[human_wood_spirit] PASSED [ 28%]
tests/test_catalog_touches.py::test_touches_has_no_duplicates[life_recovery] PASSED [ 28%]
tests/test_catalog_touches.py::test_touches_has_no_duplicates[meat] PASSED [ 28%]
tests/test_catalog_touches.py::test_touches_has_no_duplicates[med] PASSED [ 28%]
tests/test_catalog_touches.py::test_touches_has_no_duplicates[memory] PASSED [ 28%]
tests/test_catalog_touches.py::test_touches_has_no_duplicates[metal_armor] PASSED [ 28%]
tests/test_catalog_touches.py::test_touches_has_no_duplicates[miracle_drink] PASSED [ 28%]
tests/test_catalog_touches.py::test_touches_has_no_duplicates[music_player] PASSED [ 28%]
tests/test_catalog_touches.py::test_touches_has_no_duplicates[omni_chip_g] PASSED [ 28%]
tests/test_catalog_touches.py::test_touches_has_no_duplicates[orange] PASSED [ 28%]
tests/test_catalog_touches.py::test_touches_has_no_duplicates[poison_mushroom] PASSED [ 29%]
tests/test_catalog_touches.py::test_touches_has_no_duplicates[port_potty] PASSED [ 29%]
tests/test_catalog_touches.py::test_touches_has_no_duplicates[prank_capsule_a] PASSED [ 29%]
tests/test_catalog_touches.py::test_touches_has_no_duplicates[prank_capsule_b] PASSED [ 29%]
tests/test_catalog_touches.py::test_touches_has_no_duplicates[red_pepper] PASSED [ 29%]
tests/test_catalog_touches.py::test_touches_has_no_duplicates[revive_floppy] PASSED [ 29%]
tests/test_catalog_touches.py::test_touches_has_no_duplicates[skateboard] PASSED [ 29%]
tests/test_catalog_touches.py::test_touches_has_no_duplicates[sleeping_pill] PASSED [ 29%]
tests/test_catalog_touches.py::test_touches_has_no_duplicates[slim_drink] PASSED [ 29%]
tests/test_catalog_touches.py::test_touches_has_no_duplicates[steak] PASSED [ 29%]
tests/test_catalog_touches.py::test_touches_has_no_duplicates[supplement] PASSED [ 29%]
tests/test_catalog_touches.py::test_touches_has_no_duplicates[television] PASSED [ 29%]
tests/test_catalog_touches.py::test_touches_has_no_duplicates[textbook] PASSED [ 29%]
tests/test_catalog_touches.py::test_touches_has_no_duplicates[torn_tatter] PASSED [ 29%]
tests/test_catalog_touches.py::test_touches_has_no_duplicates[town_transport] PASSED [ 29%]
tests/test_catalog_touches.py::test_touches_has_no_duplicates[toy_oven] PASSED [ 29%]
tests/test_catalog_touches.py::test_touches_has_no_duplicates[trampoline] PASSED [ 29%]
tests/test_catalog_touches.py::test_touches_has_no_duplicates[tuna] PASSED [ 29%]
tests/test_catalog_touches.py::test_touches_has_no_duplicates[vaccine_chip] PASSED [ 29%]
tests/test_catalog_touches.py::test_touches_has_no_duplicates[vaccine_chip_g] PASSED [ 29%]
tests/test_catalog_touches.py::test_touches_has_no_duplicates[vegetable] PASSED [ 29%]
tests/test_catalog_touches.py::test_touches_has_no_duplicates[video_game] PASSED [ 29%]
tests/test_catalog_touches.py::test_touches_has_no_duplicates[virus_chip] PASSED [ 29%]
tests/test_catalog_touches.py::test_touches_has_no_duplicates[virus_chip_g] PASSED [ 29%]
tests/test_catalog_touches.py::test_touches_has_no_duplicates[vitamin] PASSED [ 29%]
tests/test_catalog_touches.py::test_touches_has_no_duplicates[vitamin_g] PASSED [ 29%]
tests/test_catalog_touches.py::test_touches_has_no_duplicates[water_bottle] PASSED [ 29%]
tests/test_catalog_touches.py::test_touches_has_no_duplicates[white_wings] PASSED [ 30%]
tests/test_catalog_touches.py::test_touches_has_no_duplicates[x_antibody] PASSED [ 30%]
tests/test_catalog_touches.py::test_touches_has_no_duplicates[x_program] PASSED [ 30%]
tests/test_catalog_touches.py::test_touches_has_no_duplicates[xylophone] PASSED [ 30%]
tests/test_catalog_touches.py::test_touches_has_no_duplicates[yellow_pepper] PASSED [ 30%]
tests/test_catalog_touches.py::test_touches_has_no_duplicates[zone_transport] PASSED [ 30%]
tests/test_catalog_touches.py::test_the_free_cure_buttons_are_never_paywalled PASSED [ 30%]
tests/test_clock_units.py::test_the_clock_maps_a_game_minute_to_a_real_second PASSED [ 30%]
tests/test_clock_units.py::test_canon_cadences_are_ported_as_real_seconds PASSED [ 30%]
tests/test_clock_units.py::test_the_neglect_pressures_run_at_the_canon_cadence PASSED [ 30%]
tests/test_clock_units.py::test_the_deliberate_exceptions_stay_deliberate PASSED [ 30%]
tests/test_clock_units.py::test_good_care_is_never_punished_by_the_faster_pressure PASSED [ 30%]
tests/test_clock_units.py::test_the_pet_split_holds_its_boundaries PASSED [ 30%]
tests/test_completeness_sweep.py::test_attribute_trades_conserve_the_total PASSED [ 30%]
tests/test_cup_audit.py::test_every_cup_page_fits_the_LCD[advance] PASSED [ 30%]
tests/test_cup_audit.py::test_every_cup_page_fits_the_LCD[ceremony] PASSED [ 30%]
tests/test_cup_audit.py::test_every_cup_page_fits_the_LCD[faceoff] PASSED [ 30%]
tests/test_cup_audit.py::test_every_cup_page_fits_the_LCD[intro] PASSED  [ 30%]
tests/test_cup_audit.py::test_every_cup_page_fits_the_LCD[select] PASSED [ 30%]
tests/test_cup_audit.py::test_every_cup_page_fits_the_LCD[tree] PASSED   [ 30%]
tests/test_cup_audit.py::test_the_show_pages_are_PURE_SCENE[intro] PASSED [ 30%]
tests/test_cup_audit.py::test_the_show_pages_are_PURE_SCENE[advance] PASSED [ 30%]
tests/test_cup_audit.py::test_the_show_pages_are_PURE_SCENE[ceremony] PASSED [ 30%]
tests/test_cup_audit.py::test_the_narration_that_was_clipped_now_rides_the_strip PASSED [ 30%]
tests/test_cup_audit.py::test_the_card_names_the_foe_the_LCD_no_longer_can PASSED [ 30%]
tests/test_cup_audit.py::test_the_bracket_survives_a_whole_cup PASSED    [ 30%]
tests/test_cup_audit.py::test_the_stake_is_charged_and_the_payout_ladder_holds PASSED [ 30%]
tests/test_cup_audit.py::test_the_egg_gate_cups_are_the_ones_the_board_names PASSED [ 31%]
tests/test_cup_audit.py::test_the_year_always_has_a_featured_cup PASSED  [ 31%]
tests/test_cup_audit.py::test_a_pet_that_falls_mid_bracket_is_not_crowned PASSED [ 31%]
tests/test_cup_audit.py::test_one_space_from_the_tree_starts_the_show PASSED [ 31%]
tests/test_cup_audit.py::test_B_never_lands_on_the_empty_faceoff_mid_cup PASSED [ 31%]
tests/test_cup_cadence.py::test_the_real_calendar_reads_right PASSED     [ 31%]
tests/test_cup_cadence.py::test_the_daily_board_is_the_seasons_pool PASSED [ 31%]
tests/test_cup_cadence.py::test_a_season_flip_rerolls_mid_gameday PASSED [ 31%]
tests/test_cup_cadence.py::test_featured_is_deterministic_daily_and_seasonal PASSED [ 31%]
tests/test_cup_cadence.py::test_featured_runs_once_per_real_day PASSED   [ 31%]
tests/test_cup_cadence.py::test_festival_opens_every_slot_once PASSED    [ 31%]
tests/test_cup_cadence.py::test_ordinary_day_still_locks_to_the_hour PASSED [ 31%]
tests/test_cup_cadence.py::test_weekend_featured_is_winnable_by_the_pet PASSED [ 31%]
tests/test_cup_cadence.py::test_the_grand_chain_names_the_missing_season PASSED [ 31%]
tests/test_cup_cadence.py::test_a_drained_pet_is_refused_at_every_cup_door PASSED [ 31%]
tests/test_cup_festival_eggs.py::test_cups_gate_two_distinct_eggs PASSED [ 31%]
tests/test_cup_festival_eggs.py::test_hack_needs_its_cup_not_wins PASSED [ 31%]
tests/test_cup_festival_eggs.py::test_doru_is_the_festival_egg PASSED    [ 31%]
tests/test_cup_festival_eggs.py::test_festival_progress_line_is_countable PASSED [ 31%]
tests/test_cup_festival_eggs.py::test_festival_add_records_distinct_festivals PASSED [ 31%]
tests/test_cup_festival_eggs.py::test_conquering_on_a_holiday_celebrates_the_festival PASSED [ 31%]
tests/test_cup_theater.py::test_a_quarterfinal_win_parades_the_advancing_field PASSED [ 31%]
tests/test_cup_theater.py::test_the_crown_plays_the_ceremony_before_the_numbers PASSED [ 31%]
tests/test_cup_theater.py::test_an_elimination_skips_the_theater PASSED  [ 31%]
tests/test_cup_theater.py::test_the_parade_walks_real_advancing_species PASSED [ 31%]
tests/test_cup_theater.py::test_space_stages_the_introductions_then_the_bell PASSED [ 31%]
tests/test_cup_theater.py::test_a_real_elimination_crowns_a_rival_a_forfeit_does_not PASSED [ 31%]
tests/test_cup_theater.py::test_the_rival_reseeds_marked_and_announced PASSED [ 32%]
tests/test_cup_theater.py::test_a_mismatched_tier_keeps_the_rival_out PASSED [ 32%]
tests/test_cup_theater.py::test_revenge_settles_the_grudge PASSED        [ 32%]
tests/test_cup_theater.py::test_a_held_cup_is_a_title_defense PASSED     [ 32%]
tests/test_cup_theater.py::test_the_board_crowns_the_cups_you_hold PASSED [ 32%]
tests/test_cup_theater.py::test_the_parade_sweep_clears_both_screen_edges PASSED [ 32%]
tests/test_dark_room_fx.py::test_dark_room_fx_shows_nothing PASSED       [ 32%]
tests/test_dark_room_fx.py::test_dark_room_sleep_settle_yawn_is_covered_too PASSED [ 32%]
tests/test_dark_room_fx.py::test_assist_lights_visit_plays_lit_end_to_end PASSED [ 32%]
tests/test_data.py::test_datacore_icons_load PASSED                      [ 32%]
tests/test_data.py::test_egg_unlock_load PASSED                          [ 32%]
tests/test_data.py::test_egg_count_sane PASSED                           [ 32%]
tests/test_data.py::test_pretty_field PASSED                             [ 32%]
tests/test_data.py::test_stage_rank_helper PASSED                        [ 32%]
tests/test_data_facade.py::test_facade_is_thin_and_complete PASSED       [ 32%]
tests/test_data_facade.py::test_every_domain_loader_actually_loads PASSED [ 32%]
tests/test_data_facade.py::test_no_module_swallowed_anothers_domain PASSED [ 32%]
tests/test_dead_gate.py::test_every_binding_leads_a_dead_pet_to_the_memorial PASSED [ 32%]
[...]
tests/test_lines.py::test_battles_feed_the_stage_count_and_rolling_log PASSED [ 63%]
tests/test_lines.py::test_evolution_resets_stage_counters_but_keeps_the_log PASSED [ 63%]
tests/test_lines.py::test_full_ver1_life_greymon_road PASSED             [ 63%]
tests/test_lines.py::test_neglect_road_leads_to_numemon PASSED           [ 63%]
tests/test_lines.py::test_corpus_pets_keep_the_fuzzy_engine PASSED       [ 63%]
tests/test_lines.py::test_line_fields_survive_the_save_round_trip PASSED [ 63%]
tests/test_lines.py::test_digicore_pages_render_the_line_chart PASSED    [ 63%]
tests/test_lines.py::test_requirement_report_shows_live_counters PASSED  [ 63%]
tests/test_lines.py::test_win_gate_report_names_the_local_feed PASSED    [ 63%]
tests/test_lines.py::test_every_report_row_fits_the_lcd_clip PASSED      [ 63%]
tests/test_lines.py::test_drills_and_online_bouts_leave_the_win_window_alone PASSED [ 63%]
tests/test_lines.py::test_area_gate_is_the_adventure_road_or_the_raid_fallback PASSED [ 63%]
tests/test_lines.py::test_the_win_row_says_how_far_off_you_really_are PASSED [ 63%]
tests/test_lines.py::test_a_met_window_drops_the_streak_row PASSED       [ 63%]
tests/test_lines.py::test_one_more_win_reads_singular PASSED             [ 63%]
tests/test_liveplay_audit.py::test_a_poisoned_numeric_field_is_rejected_not_accepted[obedience] FAILED [ 63%]
tests/test_liveplay_audit.py::test_a_poisoned_numeric_field_is_rejected_not_accepted[dna_wager_pending] FAILED [ 63%]
tests/test_liveplay_audit.py::test_a_poisoned_numeric_field_is_rejected_not_accepted[stage_seconds] FAILED [ 63%]
tests/test_liveplay_audit.py::test_a_poisoned_numeric_field_is_rejected_not_accepted[calories] FAILED [ 63%]
tests/test_liveplay_audit.py::test_a_poisoned_numeric_field_is_rejected_not_accepted[strength] FAILED [ 63%]
tests/test_liveplay_audit.py::test_a_poisoned_numeric_field_is_rejected_not_accepted[care_mistakes] FAILED [ 63%]
tests/test_liveplay_audit.py::test_a_poisoned_numeric_field_is_rejected_not_accepted[energy_rank] FAILED [ 63%]
tests/test_liveplay_audit.py::test_a_poisoned_numeric_field_is_rejected_not_accepted[glutton] FAILED [ 63%]
tests/test_liveplay_audit.py::test_a_poisoned_numeric_field_is_rejected_not_accepted[vitamin_lapse] FAILED [ 63%]
tests/test_liveplay_audit.py::test_a_poisoned_numeric_field_is_rejected_not_accepted[battles] FAILED [ 63%]
tests/test_liveplay_audit.py::test_a_poisoned_numeric_field_is_rejected_not_accepted[item_interest] FAILED [ 63%]
tests/test_liveplay_audit.py::test_a_poisoned_numeric_field_is_rejected_not_accepted[last_birthday] FAILED [ 64%]
tests/test_liveplay_audit.py::test_a_poisoned_numeric_field_is_rejected_not_accepted[_poop_t] FAILED [ 64%]
tests/test_liveplay_audit.py::test_a_poisoned_numeric_field_is_rejected_not_accepted[_cal_t] FAILED [ 64%]
tests/test_liveplay_audit.py::test_a_poisoned_numeric_field_is_rejected_not_accepted[_str_t] FAILED [ 64%]
tests/test_liveplay_audit.py::test_a_poisoned_numeric_field_is_rejected_not_accepted[gift_t] FAILED [ 64%]
tests/test_liveplay_audit.py::test_a_poisoned_numeric_field_is_rejected_not_accepted[tourney_alarm] FAILED [ 64%]
tests/test_liveplay_audit.py::test_a_poisoned_numeric_field_is_rejected_not_accepted[anim_ttl] FAILED [ 64%]
tests/test_liveplay_audit.py::test_a_poisoned_numeric_field_is_rejected_not_accepted[full_until] FAILED [ 64%]
tests/test_liveplay_audit.py::test_a_poisoned_numeric_field_is_rejected_not_accepted[auto_clean_until] FAILED [ 64%]
tests/test_liveplay_audit.py::test_a_poisoned_numeric_field_is_rejected_not_accepted[adv_progress] FAILED [ 64%]
tests/test_liveplay_audit.py::test_a_poisoned_numeric_field_is_rejected_not_accepted[num] FAILED [ 64%]
tests/test_liveplay_audit.py::test_a_poisoned_container_field_is_rejected[daily_mood-x] FAILED [ 64%]
tests/test_liveplay_audit.py::test_a_poisoned_container_field_is_rejected[town_bought-5] FAILED [ 64%]
tests/test_liveplay_audit.py::test_a_poisoned_container_field_is_rejected[inventory-bag] FAILED [ 64%]
tests/test_liveplay_audit.py::test_a_poisoned_container_field_is_rejected[poop_sizes-3] FAILED [ 64%]
tests/test_liveplay_audit.py::test_load_quarantines_the_migration_crashers[obedience] FAILED [ 64%]
tests/test_liveplay_audit.py::test_load_quarantines_the_migration_crashers[dna_wager_pending] FAILED [ 64%]
tests/test_liveplay_audit.py::test_a_poisoned_main_save_still_falls_back_to_the_bak FAILED [ 64%]
tests/test_liveplay_audit.py::test_the_belt_catches_a_future_gate_slip FAILED [ 64%]
tests/test_liveplay_audit.py::test_the_gate_rejects_no_healthy_save FAILED [ 64%]
tests/test_liveplay_audit.py::test_the_filth_roll_scales_with_the_pile_count FAILED [ 64%]
tests/test_liveplay_audit.py::test_the_filth_roll_reads_the_species_multiplier FAILED [ 64%]
tests/test_liveplay_audit.py::test_the_road_still_shields_the_home_mess FAILED [ 64%]
tests/test_liveplay_audit.py::test_the_overweight_roll_still_lives_in_mortality FAILED [ 64%]
tests/test_liveplay_audit.py::test_the_town_cup_honors_the_shared_cup_hour FAILED [ 64%]
tests/test_liveplay_audit.py::test_a_town_cup_entry_spends_the_home_boards_hour_too FAILED [ 64%]
tests/test_liveplay_audit.py::test_a_stale_row_replay_cannot_oversell_the_ration PASSED [ 64%]
tests/test_liveplay_audit.py::test_a_forged_price_cannot_underpay PASSED [ 65%]
tests/test_liveplay_audit.py::test_the_gate_covers_every_numeric_field_generically FAILED [ 65%]
tests/test_lobby.py::test_wrong_password_stops_the_client_for_good PASSED [ 65%]
tests/test_lobby.py::test_session_conflict_after_a_welcome_is_a_transient_retry PASSED [ 65%]
tests/test_lobby.py::test_reconnect_shows_status_not_a_dead_banner PASSED [ 65%]
tests/test_lobby.py::test_roster_diff_lands_join_and_leave_notices_in_chat PASSED [ 65%]
tests/test_lobby.py::test_sync_ghost_churn_never_reaches_the_chat PASSED [ 65%]
tests/test_lobby.py::test_live_reconnect_id_churn_is_not_a_join_wave PASSED [ 65%]
tests/test_lobby.py::test_both_bars_are_the_flat_race_hp PASSED          [ 65%]
tests/test_lobby.py::test_the_seeded_race_plays_identically_and_logs_damage PASSED [ 65%]
tests/test_lobby.py::test_lobby_client_survives_a_server_restart PASSED  [ 65%]
tests/test_lobby.py::test_playing_ghosts_are_message_only_targets PASSED [ 65%]
tests/test_lobby.py::test_ping_pulls_a_ghost_into_the_lobby PASSED       [ 65%]
tests/test_lobby.py::test_pms_land_in_per_peer_dm_threads PASSED         [ 65%]
tests/test_lobby.py::test_dm_thread_view_and_block PASSED                [ 65%]
tests/test_lobby.py::test_egg_sessions_are_gated_both_directions FAILED  [ 65%]
tests/test_lobby.py::test_remote_invite_never_disturbs_a_sleeper PASSED  [ 65%]
tests/test_lobby.py::test_apply_dna_no_longer_marks_a_false_disturb PASSED [ 65%]
tests/test_lobby.py::test_the_engine_reads_species_truth_not_wire_claims PASSED [ 65%]
tests/test_lobby.py::test_queued_pms_seed_the_fresh_lobby_pane PASSED    [ 65%]
tests/test_lobby.py::test_reenter_evicts_stale_session_and_replays_chat PASSED [ 65%]
tests/test_lobby.py::test_battle_relays_are_phase_gated PASSED           [ 65%]
tests/test_lobby.py::test_crossed_invites_consume_the_pending_prompt PASSED [ 65%]
tests/test_lobby.py::test_jogress_is_lobby_only_and_battle_rides_m FAILED [ 65%]
tests/test_lobby.py::test_jogress_two_phase_needs_both_confirms PASSED   [ 65%]
tests/test_lobby.py::test_jogress_escape_is_a_real_decline PASSED        [ 65%]
tests/test_lobby.py::test_jogress_legacy_peer_keeps_the_instant_commit PASSED [ 65%]
tests/test_lobby.py::test_jogress_partner_leaving_at_result_fuses_nobody PASSED [ 66%]
tests/test_lobby.py::test_jogress_resolution_failure_notifies_the_partner PASSED [ 66%]
tests/test_lobby.py::test_malicious_pm_cannot_crash_the_flash PASSED     [ 66%]
tests/test_lobby.py::test_chat_input_buffer_is_capped PASSED             [ 66%]
tests/test_lobby.py::test_right_folds_the_player_box_and_chat_widens PASSED [ 66%]
tests/test_lobby.py::test_folded_arrows_scroll_the_chat PASSED           [ 66%]
tests/test_lobby.py::test_folded_lines_never_overflow_the_box PASSED     [ 66%]
tests/test_lobby.py::test_dm_threads_survive_leaving_the_pm_and_the_lobby PASSED [ 66%]
tests/test_lobby.py::test_dm_thread_scrolls_like_the_lobby_log PASSED    [ 66%]
tests/test_lobby.py::test_ladder_lost_its_secret_q_g_closes PASSED       [ 66%]
tests/test_lobby.py::test_login_strip_says_out_not_back PASSED           [ 66%]
tests/test_lobby.py::test_pm_flush_keeps_undelivered_mail PASSED         [ 66%]
tests/test_lobby.py::test_ladder_page_holds_12_rows_with_a_full_board FAILED [ 66%]
tests/test_lobby.py::test_ladder_claim_notes_only_on_the_ack PASSED      [ 66%]
tests/test_lobby.py::test_reading_the_open_dm_thread_clears_its_badge PASSED [ 66%]
tests/test_lobby.py::test_the_dead_gate_does_not_teach_the_n_key PASSED  [ 66%]
tests/test_lobby.py::test_the_action_strip_mirrors_the_blocked_state_and_names_m PASSED [ 66%]
tests/test_lobby.py::test_the_dm_page_keeps_keys_on_the_strip_only PASSED [ 66%]
tests/test_lobby.py::test_a_forged_invite_resp_never_enters_a_session FAILED [ 66%]
tests/test_lobby.py::test_session_gate_mirrors_the_send_side_conditions FAILED [ 66%]
tests/test_lobby.py::test_the_saved_lock_rides_presence_and_the_blurb PASSED [ 66%]
tests/test_lobby.py::test_the_fight_header_shows_both_locks PASSED       [ 66%]
tests/test_lobby_admin.py::test_admin_needs_the_key PASSED               [ 66%]
tests/test_lobby_admin.py::test_admin_who_reads_the_room PASSED          [ 66%]
tests/test_lobby_admin.py::test_admin_announce_broadcasts_and_feeds PASSED [ 66%]
tests/test_lobby_admin.py::test_admin_empty_announce_sends_nothing PASSED [ 66%]
tests/test_lobby_admin.py::test_feed_logs_public_events PASSED           [ 66%]
tests/test_lobby_admin.py::test_announce_lands_in_lobby_chat_unblockable PASSED [ 67%]
tests/test_lobby_admin.py::test_announce_reaches_the_home_screen_ghost PASSED [ 67%]
tests/test_lobby_admin.py::test_roster_pet_card_is_clamped_not_stored_verbatim PASSED [ 67%]
tests/test_lobby_admin.py::test_roster_pet_card_keeps_the_real_fields PASSED [ 67%]
tests/test_lobby_audit.py::test_an_accept_for_an_invite_I_never_sent_is_dropped PASSED [ 67%]
tests/test_lobby_audit.py::test_an_accept_for_an_invite_I_DID_send_opens_the_session FAILED [ 67%]
tests/test_lobby_audit.py::test_a_drop_clears_the_ledger_so_stale_accepts_cannot_land PASSED [ 67%]
tests/test_lobby_audit.py::test_an_unknown_invite_kind_is_auto_declined[trade-your-save] PASSED [ 67%]
tests/test_lobby_audit.py::test_an_unknown_invite_kind_is_auto_declined[] PASSED [ 67%]
tests/test_lobby_audit.py::test_an_unknown_invite_kind_is_auto_declined[jogress ] PASSED [ 67%]
tests/test_lobby_audit.py::test_a_blocked_peers_invite_never_reaches_the_prompt PASSED [ 67%]
tests/test_lobby_audit.py::test_an_invite_mid_sentence_waits_instead_of_eating_the_keystroke PASSED [ 67%]
tests/test_lobby_audit.py::test_blocking_sweeps_the_log_it_promises_to_silence PASSED [ 67%]
tests/test_lobby_audit.py::test_a_forfeit_files_exactly_one_loss_and_a_late_abort_adds_nothing PASSED [ 67%]
tests/test_lobby_audit.py::test_an_opponents_flight_pays_once_even_if_the_abort_repeats PASSED [ 67%]
tests/test_lobby_audit.py::test_a_pre_bell_walk_out_costs_nothing PASSED [ 67%]
tests/test_lobby_audit.py::test_an_online_bout_is_progression_neutral_the_live_smoke_asserts_this PASSED [ 67%]
tests/test_lobby_audit.py::test_every_lobby_page_fits_the_LCD[action menu] PASSED [ 67%]
tests/test_lobby_audit.py::test_every_lobby_page_fits_the_LCD[dm] PASSED [ 67%]
tests/test_lobby_audit.py::test_every_lobby_page_fits_the_LCD[invite prompt] PASSED [ 67%]
tests/test_lobby_audit.py::test_every_lobby_page_fits_the_LCD[lobby] PASSED [ 67%]
tests/test_lobby_audit.py::test_every_lobby_page_fits_the_LCD[pm compose] PASSED [ 67%]
tests/test_lobby_audit.py::test_every_lobby_page_fits_the_LCD[roster folded] PASSED [ 67%]
tests/test_lobby_chat_polish.py::test_fit_measures_cells_not_characters PASSED [ 67%]
tests/test_lobby_chat_polish.py::test_wrap_never_exceeds_the_column_in_CELLS PASSED [ 67%]
tests/test_lobby_chat_polish.py::test_the_roster_divider_never_tears PASSED [ 67%]
tests/test_lobby_chat_polish.py::test_typed_emoji_cannot_overflow_the_input_line PASSED [ 67%]
tests/test_lobby_chat_polish.py::test_the_empty_room_hint_is_not_clipped_mid_sentence PASSED [ 68%]
tests/test_lobby_chat_polish.py::test_the_announcement_is_the_loudest_line_in_the_room PASSED [ 68%]
tests/test_lobby_chat_polish.py::test_blocking_sweeps_what_they_already_said PASSED [ 68%]
tests/test_lobby_screens.py::test_every_text_phase_fits_the_lcd PASSED   [ 68%]
tests/test_lobby_screens.py::test_chat_styles_tell_the_speakers_apart PASSED [ 68%]
tests/test_lobby_screens.py::test_chat_scrollback_pages_the_log PASSED   [ 68%]
tests/test_lobby_screens.py::test_chat_empty_state_and_caret_blink PASSED [ 68%]
tests/test_lobby_screens.py::test_pvp_round_replays_the_real_volley PASSED [ 68%]
tests/test_lobby_screens.py::test_lobby_fusion_plays_the_real_scene PASSED [ 68%]
tests/test_lobby_screens.py::test_invite_defers_while_typing PASSED      [ 68%]
tests/test_lobby_screens.py::test_prompt_lines_keep_their_hints_with_long_names PASSED [ 68%]
tests/test_lobby_screens.py::test_join_leave_log_caps_at_the_shared_chat_cap PASSED [ 68%]
tests/test_lobby_screens.py::test_default_status_hint_renders_whole PASSED [ 68%]
tests/test_lobby_screens.py::test_malformed_relay_payloads_never_crash_the_battle PASSED [ 68%]
tests/test_lobby_screens.py::test_unknown_invite_kinds_are_declined_not_entered PASSED [ 68%]
tests/test_lobby_screens.py::test_the_lobby_freezes_the_life_sim_like_every_other_menu PASSED [ 68%]
tests/test_lobby_screens.py::test_no_death_can_originate_in_the_lobby PASSED [ 68%]
tests/test_lobby_screens.py::test_lobby_strip_carries_the_care_alarm PASSED [ 68%]
tests/test_lobby_screens.py::test_a_hostile_peer_card_is_clamped_to_legal_ranges PASSED [ 68%]
tests/test_lobby_screens.py::test_the_name_field_obeys_the_cell_width_law PASSED [ 68%]
tests/test_lobby_screens.py::test_the_name_caps_live_at_the_servers_24 PASSED [ 68%]
tests/test_lobby_screens.py::test_a_half_filled_confirm_speaks_up PASSED [ 68%]
tests/test_lobby_screens.py::test_the_dead_pvp_bounds_are_gone PASSED    [ 68%]
tests/test_lobby_screens.py::test_esc_mid_fight_files_the_forfeit_loss PASSED [ 68%]
tests/test_lobby_screens.py::test_esc_before_the_commit_stays_a_free_backout PASSED [ 68%]
tests/test_lobby_screens.py::test_abort_mid_fight_is_a_forfeit_win_not_a_void PASSED [ 68%]
tests/test_lobby_screens.py::test_abort_before_the_commit_still_voids PASSED [ 68%]
tests/test_lobby_screens.py::test_partner_vanishing_mid_fight_is_the_same_forfeit PASSED [ 69%]
tests/test_menu_bounds.py::test_marquee_holds_then_scrolls_and_loops PASSED [ 69%]
tests/test_menu_bounds.py::test_death_strip_states_fit_with_the_longest_name PASSED [ 69%]
tests/test_menu_bounds.py::test_lobby_jogress_lines_fit_with_a_24_char_partner FAILED [ 69%]
tests/test_menu_runoffs.py::test_lobby_room_footers_fit_and_end_in_whole_words PASSED [ 69%]
tests/test_menu_runoffs.py::test_cup_tree_footer_never_clips_the_forfeit_hint PASSED [ 69%]
tests/test_menu_runoffs.py::test_death_strip_labels_esc_within_the_hud PASSED [ 69%]
tests/test_menu_runoffs.py::test_dna_field_columns_never_cut_a_word_in_half PASSED [ 69%]
tests/test_menu_runoffs.py::test_dna_charge_and_stats_pages_fit_the_lcd PASSED [ 69%]
tests/test_menu_runoffs.py::test_unnamed_pet_intro_says_you_answer PASSED [ 69%]
tests/test_menu_runoffs.py::test_every_menu_panel_smokes_within_its_budgets FAILED [ 69%]
tests/test_messages.py::test_short_note_renders_verbatim PASSED          [ 69%]
tests/test_messages.py::test_long_note_without_a_tick_rides_the_shared_clock PASSED [ 69%]
tests/test_messages.py::test_long_note_with_a_tick_marquees_the_tail_into_view PASSED [ 69%]
tests/test_messages.py::test_evolution_flash_names_the_species_not_just_the_stage FAILED [ 69%]
tests/test_mortality_math.py::test_the_immunity_window_holds PASSED      [ 69%]
tests/test_mortality_math.py::test_mistake_brackets_first_match_wins[4-0.0] PASSED [ 69%]
tests/test_mortality_math.py::test_mistake_brackets_first_match_wins[5-1.5e-05] PASSED [ 69%]
tests/test_mortality_math.py::test_mistake_brackets_first_match_wins[9-1.5e-05] PASSED [ 69%]
tests/test_mortality_math.py::test_mistake_brackets_first_match_wins[10-7.5e-05] PASSED [ 69%]
tests/test_mortality_math.py::test_mistake_brackets_first_match_wins[14-7.5e-05] PASSED [ 69%]
tests/test_mortality_math.py::test_mistake_brackets_first_match_wins[15-0.000375] PASSED [ 69%]
tests/test_mortality_math.py::test_mistake_brackets_first_match_wins[19-0.000375] PASSED [ 69%]
tests/test_mortality_math.py::test_mistake_brackets_first_match_wins[20-0.0015] PASSED [ 69%]
tests/test_mortality_math.py::test_age_brackets_first_match_wins[14-0.0] PASSED [ 69%]
tests/test_mortality_math.py::test_age_brackets_first_match_wins[15-3.75e-05] PASSED [ 69%]
tests/test_mortality_math.py::test_age_brackets_first_match_wins[19-3.75e-05] PASSED [ 69%]
tests/test_mortality_math.py::test_age_brackets_first_match_wins[20-0.00015] PASSED [ 70%]
tests/test_mortality_math.py::test_age_brackets_first_match_wins[24-0.00015] PASSED [ 70%]
tests/test_mortality_math.py::test_age_brackets_first_match_wins[25-0.000375] PASSED [ 70%]
tests/test_mortality_math.py::test_age_brackets_first_match_wins[40-0.000375] PASSED [ 70%]
tests/test_mortality_math.py::test_the_whisper_folds_into_one_roll PASSED [ 70%]
tests/test_mortality_math.py::test_roll_causes_read_the_dominant_reason FAILED [ 70%]
tests/test_mortality_math.py::test_the_discrete_nets_still_stand PASSED  [ 70%]
tests/test_mortality_math.py::test_the_elder_line_is_age_alone PASSED    [ 70%]
tests/test_mortality_math.py::test_no_lifespan_survives_anywhere PASSED  [ 70%]
tests/test_mortality_math.py::test_dead_system_lifedecs_stay_gone PASSED [ 70%]
tests/test_msg_strip.py::test_opening_a_mode_clears_the_message_strip FAILED [ 70%]
tests/test_msg_strip.py::test_closing_a_mode_clears_its_hint_strip PASSED [ 70%]
tests/test_nav_quit.py::test_q_quits_from_a_normal_screen PASSED         [ 70%]
tests/test_nav_quit.py::test_q_is_a_character_in_text_screens PASSED     [ 70%]
tests/test_nav_quit.py::test_quit_result_triggers_action_quit PASSED     [ 70%]
tests/test_nav_quit.py::test_done_result_still_closes_not_quits PASSED   [ 70%]
tests/test_nav_quit.py::test_title_q_quits_other_keys_start PASSED       [ 70%]
tests/test_nav_quit.py::test_punctuation_reaches_a_text_screen_as_the_character PASSED [ 70%]
tests/test_nav_quit.py::test_nav_keys_still_arrive_by_name_in_a_text_screen PASSED [ 70%]
tests/test_nav_quit.py::test_non_text_screen_ignores_character_translation PASSED [ 70%]
tests/test_nav_quit.py::test_tournament_closes_with_its_opening_key_in_all_phases PASSED [ 70%]
tests/test_night_palette.py::test_night_care_fx_keep_the_dark_silhouette PASSED [ 70%]
tests/test_night_palette.py::test_night_scene_screens_keep_the_dark_silhouette PASSED [ 70%]
tests/test_night_palette.py::test_lights_off_still_owns_the_white PASSED [ 70%]
tests/test_note_marquee.py::test_long_note_scrolls_instead_of_clipping PASSED [ 70%]
tests/test_note_marquee.py::test_short_note_untouched PASSED             [ 70%]
tests/test_note_marquee.py::test_every_panel_heartbeats_for_the_marquee FAILED [ 70%]
tests/test_options.py::test_row_surface_and_order FAILED                 [ 71%]
tests/test_options.py::test_note_line_describes_the_selected_row FAILED  [ 71%]
tests/test_options.py::test_sound_row_hosts_the_sound_page PASSED        [ 71%]
tests/test_options.py::test_sound_row_names_the_backend PASSED           [ 71%]
tests/test_options.py::test_sound_page_volume_slider PASSED              [ 71%]
tests/test_options.py::test_sound_page_is_honest_on_a_bell_only_host PASSED [ 71%]
tests/test_options.py::test_every_row_value_fits_the_column PASSED       [ 71%]
tests/test_options.py::test_theme_row_hosts_the_live_picker PASSED       [ 71%]
tests/test_options.py::test_account_row_hosts_the_switcher 